//-------------------------- 9/24/2024 -- 21:12:00 -----
Processor Init:
   Intel Pentium III, ~3.07 Ghz
     (timed at roughly 3.08 Ghz)
   FPU detected
   MMX detected
   SSE detected
 
Math Init:
   Installing Standard C extensions
   Installing Assembly extensions
   Installing FPU extensions
   Installing MMX extensions
   Installing SSE extensions
 
Input Init:
   DirectInput enabled.

Initializing chunk mappings...
   o 'TEXT' maps to TextChunk
   o 'SCHK' maps to UnknownChunk
   o 'SCHK' maps to SimChunk
Loading compiled script E:/-Funcode-/工程代码/Games/凡王之血/baozang/Bin/common/main.cs.
Loading compiled script E:/-Funcode-/工程代码/Games/凡王之血/baozang/Bin/game/main.cs.
 % - Initializing Common
Loading compiled script E:/-Funcode-/工程代码/Games/凡王之血/baozang/Bin/common/preferences/defaultPrefs.cs.
Reading Display Device information...
   Primary Display Device Found:
      Vendor Id: VEN_0000
      Device Id: DEV_0000

Using OpenGL rendering. Fullscreen: 0

Loading compiled script E:/-Funcode-/工程代码/Games/凡王之血/baozang/Bin/common/gameScripts/xml.cs.
Loading compiled script E:/-Funcode-/工程代码/Games/凡王之血/baozang/Bin/common/gameScripts/properties.cs.
Loading compiled script E:/-Funcode-/工程代码/Games/凡王之血/baozang/Bin/common/gameScripts/common.cs.
Loading compiled script E:/-Funcode-/工程代码/Games/凡王之血/baozang/Bin/common/gameScripts/audio.cs.
Loading compiled script E:/-Funcode-/工程代码/Games/凡王之血/baozang/Bin/common/gameScripts/canvas.cs.
Loading compiled script E:/-Funcode-/工程代码/Games/凡王之血/baozang/Bin/common/gameScripts/cursor.cs.
Video Init:
   Accelerated OpenGL display device detected.
   Accelerated D3D device not detected.
   Voodoo 2 display device not detected.

Activating the OpenGL display device...
Activating the OpenGL display device...
Setting screen mode to 320x320x32 (w)...
Creating a new window...
Acquiring a new device context...
Pixel format set:
  32 color bits, 24 depth bits, 8 stencil bits
Creating a new rendering context...
Making the new rendering context current...
OpenGL driver information:
  Vendor: Intel
  Renderer: Intel(R) Iris(R) Xe Graphics
  Version: 4.6.0 - Build 31.0.101.3251
OpenGL Init: Enabled Extensions
  ARB_multitexture (Max Texture Units: 8)
  EXT_blend_color
  EXT_blend_minmax
  EXT_compiled_vertex_array
  EXT_texture_env_combine
  EXT_packed_pixels
  EXT_fog_coord
  ARB_texture_compression
  EXT_texture_compression_s3tc
  3DFX_texture_compression_FXT1
  (ARB|EXT)_texture_env_add
  EXT_texture_filter_anisotropic (Max anisotropy: 16)
  WGL_EXT_swap_control
OpenGL Init: Disabled Extensions
  EXT_paletted_texture
  NV_vertex_array_range

Max Texture Size reported as: 16384
Setting screen mode to 800x600x32 (w)...
OpenAL Driver Init:
   Failed to initialize driver.
Loading compiled script E:/-Funcode-/工程代码/Games/凡王之血/baozang/Bin/common/gui/profiles.cs.
Loading compiled script E:/-Funcode-/工程代码/Games/凡王之血/baozang/Bin/common/gui/cursors.cs.
Loading compiled script E:/-Funcode-/工程代码/Games/凡王之血/baozang/Bin/common/gui/messageBoxOk.gui.
Loading compiled script E:/-Funcode-/工程代码/Games/凡王之血/baozang/Bin/common/gui/messageBoxYesNo.gui.
Loading compiled script E:/-Funcode-/工程代码/Games/凡王之血/baozang/Bin/common/gui/messageBoxYesNoCancel.gui.
Loading compiled script E:/-Funcode-/工程代码/Games/凡王之血/baozang/Bin/common/gui/messageBoxOKCancel.gui.
Loading compiled script E:/-Funcode-/工程代码/Games/凡王之血/baozang/Bin/common/gui/messageBoxOKCancelDetailsDlg.gui.
Loading compiled script E:/-Funcode-/工程代码/Games/凡王之血/baozang/Bin/common/gui/messagePopup.gui.
Loading compiled script E:/-Funcode-/工程代码/Games/凡王之血/baozang/Bin/common/gui/options.gui.
Loading compiled script E:/-Funcode-/工程代码/Games/凡王之血/baozang/Bin/common/gui/remap.gui.
Loading compiled script E:/-Funcode-/工程代码/Games/凡王之血/baozang/Bin/common/gui/console.gui.
Loading compiled script E:/-Funcode-/工程代码/Games/凡王之血/baozang/Bin/common/gui/NetworkMenu.gui.
Loading compiled script E:/-Funcode-/工程代码/Games/凡王之血/baozang/Bin/common/gui/startServer.gui.
Loading compiled script E:/-Funcode-/工程代码/Games/凡王之血/baozang/Bin/common/gui/joinServer.gui.
Loading compiled script E:/-Funcode-/工程代码/Games/凡王之血/baozang/Bin/common/gui/waitingForServer.gui.
Loading compiled script E:/-Funcode-/工程代码/Games/凡王之血/baozang/Bin/common/gui/helpDlg.gui.
Loading compiled script E:/-Funcode-/工程代码/Games/凡王之血/baozang/Bin/common/gui/messageBox.cs.
Loading compiled script E:/-Funcode-/工程代码/Games/凡王之血/baozang/Bin/common/gui/help.cs.
Loading compiled script E:/-Funcode-/工程代码/Games/凡王之血/baozang/Bin/common/gui/chatGui.gui.
Loading compiled script E:/-Funcode-/工程代码/Games/凡王之血/baozang/Bin/common/gameScripts/screenshot.cs.
Loading compiled script E:/-Funcode-/工程代码/Games/凡王之血/baozang/Bin/common/gameScripts/metrics.cs.
Loading compiled script E:/-Funcode-/工程代码/Games/凡王之血/baozang/Bin/common/Gui/FrameOverlayGui.gui.
Loading compiled script E:/-Funcode-/工程代码/Games/凡王之血/baozang/Bin/common/gameScripts/scriptDoc.cs.
Loading compiled script E:/-Funcode-/工程代码/Games/凡王之血/baozang/Bin/common/gameScripts/keybindings.cs.
Loading compiled script E:/-Funcode-/工程代码/Games/凡王之血/baozang/Bin/common/gameScripts/options.cs.
Loading compiled script E:/-Funcode-/工程代码/Games/凡王之血/baozang/Bin/common/gameScripts/levelManagement.cs.
Loading compiled script E:/-Funcode-/工程代码/Games/凡王之血/baozang/Bin/common/gameScripts/projectManagement.cs.
Loading compiled script E:/-Funcode-/工程代码/Games/凡王之血/baozang/Bin/common/gameScripts/projectResources.cs.
Loading compiled script E:/-Funcode-/工程代码/Games/凡王之血/baozang/Bin/common/gameScripts/align.cs.

FunCode (v1.7.5) initialized...
Loading compiled script E:/-Funcode-/工程代码/Games/凡王之血/baozang/Bin/game/managed/datablocks.cs.
Loading compiled script E:/-Funcode-/工程代码/Games/凡王之血/baozang/Bin/game/managed/persistent.cs.
Loading compiled script E:/-Funcode-/工程代码/Games/凡王之血/baozang/Bin/game/managed/brushes.cs.
Loading compiled script E:/-Funcode-/工程代码/Games/凡王之血/baozang/Bin/game/gui/mainScreen.gui.
Loading compiled script E:/-Funcode-/工程代码/Games/凡王之血/baozang/Bin/game/gameScripts/game.cs.
Activating DirectInput...
DirectInput joystick failed to enable!
Compiling E:/-Funcode-/工程代码/Games/凡王之血/baozang/Bin/game/data/levels/Game1.t2d...
Loading compiled script E:/-Funcode-/工程代码/Games/凡王之血/baozang/Bin/game/data/levels/Game1.t2d.
t2dStaticSprite::setFrame() - Cannot set Frame without existing t2dImageMapDatablock Datablock!
Compiling E:/-Funcode-/工程代码/Games/凡王之血/baozang/Bin/game/data/levels/wellcome.t2d...
Loading compiled script E:/-Funcode-/工程代码/Games/凡王之血/baozang/Bin/game/data/levels/wellcome.t2d.
Setting screen mode to 1280x768x32 (w)...
Compiling E:/-Funcode-/工程代码/Games/凡王之血/baozang/Bin/game/data/levels/MainMenu.t2d...
Loading compiled script E:/-Funcode-/工程代码/Games/凡王之血/baozang/Bin/game/data/levels/MainMenu.t2d.
Compiling E:/-Funcode-/工程代码/Games/凡王之血/baozang/Bin/game/data/levels/MapMenu.t2d...
Loading compiled script E:/-Funcode-/工程代码/Games/凡王之血/baozang/Bin/game/data/levels/MapMenu.t2d.
Compiling E:/-Funcode-/工程代码/Games/凡王之血/baozang/Bin/game/data/levels/Game1.t2d...
Loading compiled script E:/-Funcode-/工程代码/Games/凡王之血/baozang/Bin/game/data/levels/Game1.t2d.
t2dStaticSprite::setFrame() - Cannot set Frame without existing t2dImageMapDatablock Datablock!
t2dSceneGraph::addToScene() - Object '2230' is already in a SceneGraph!.
t2dSceneGraph::addToScene() - Object '2231' is already in a SceneGraph!.
t2dSceneGraph::addToScene() - Object '2232' is already in a SceneGraph!.
t2dSceneGraph::addToScene() - Object '2233' is already in a SceneGraph!.
t2dSceneGraph::addToScene() - Object '2234' is already in a SceneGraph!.
t2dSceneGraph::addToScene() - Object '2235' is already in a SceneGraph!.
t2dSceneGraph::addToScene() - Object '2236' is already in a SceneGraph!.
t2dSceneGraph::addToScene() - Object '2237' is already in a SceneGraph!.
t2dSceneGraph::addToScene() - Object '2238' is already in a SceneGraph!.
t2dSceneGraph::addToScene() - Object '2239' is already in a SceneGraph!.
t2dSceneGraph::addToScene() - Object '2240' is already in a SceneGraph!.
t2dSceneGraph::addToScene() - Object '2241' is already in a SceneGraph!.
t2dSceneGraph::addToScene() - Object '2242' is already in a SceneGraph!.
t2dSceneGraph::addToScene() - Object '2243' is already in a SceneGraph!.
t2dSceneGraph::addToScene() - Object '2244' is already in a SceneGraph!.
t2dSceneGraph::addToScene() - Object '2245' is already in a SceneGraph!.
t2dSceneGraph::addToScene() - Object '2246' is already in a SceneGraph!.
t2dSceneGraph::addToScene() - Object '2247' is already in a SceneGraph!.
t2dSceneGraph::addToScene() - Object '2248' is already in a SceneGraph!.
t2dSceneGraph::addToScene() - Object '2249' is already in a SceneGraph!.
t2dSceneGraph::addToScene() - Object '2250' is already in a SceneGraph!.
t2dSceneGraph::addToScene() - Object '2251' is already in a SceneGraph!.
t2dSceneGraph::addToScene() - Object '2252' is already in a SceneGraph!.
t2dSceneGraph::addToScene() - Object '2253' is already in a SceneGraph!.
t2dSceneGraph::addToScene() - Object '2254' is already in a SceneGraph!.
t2dSceneGraph::addToScene() - Object '2255' is already in a SceneGraph!.
t2dSceneGraph::addToScene() - Object '2256' is already in a SceneGraph!.
t2dSceneGraph::addToScene() - Object '2257' is already in a SceneGraph!.
t2dSceneGraph::addToScene() - Object '2258' is already in a SceneGraph!.
t2dSceneGraph::addToScene() - Object '2259' is already in a SceneGraph!.
t2dSceneGraph::addToScene() - Object '2260' is already in a SceneGraph!.
t2dSceneGraph::addToScene() - Object '2261' is already in a SceneGraph!.
t2dSceneGraph::addToScene() - Object '2262' is already in a SceneGraph!.
t2dSceneGraph::addToScene() - Object '2263' is already in a SceneGraph!.
t2dSceneGraph::addToScene() - Object '2264' is already in a SceneGraph!.
t2dSceneGraph::addToScene() - Object '2265' is already in a SceneGraph!.
t2dSceneGraph::addToScene() - Object '2266' is already in a SceneGraph!.
t2dSceneGraph::addToScene() - Object '2267' is already in a SceneGraph!.
t2dSceneGraph::addToScene() - Object '2268' is already in a SceneGraph!.
t2dSceneGraph::addToScene() - Object '2269' is already in a SceneGraph!.
t2dSceneGraph::addToScene() - Object '2270' is already in a SceneGraph!.
t2dSceneGraph::addToScene() - Object '2271' is already in a SceneGraph!.
t2dSceneGraph::addToScene() - Object '2272' is already in a SceneGraph!.
t2dSceneGraph::addToScene() - Object '2273' is already in a SceneGraph!.
t2dSceneGraph::addToScene() - Object '2274' is already in a SceneGraph!.
t2dSceneGraph::addToScene() - Object '2275' is already in a SceneGraph!.
t2dSceneGraph::addToScene() - Object '2276' is already in a SceneGraph!.
t2dSceneGraph::addToScene() - Object '2277' is already in a SceneGraph!.
t2dSceneGraph::addToScene() - Object '2278' is already in a SceneGraph!.
t2dSceneGraph::addToScene() - Object '2279' is already in a SceneGraph!.
t2dSceneGraph::addToScene() - Object '2280' is already in a SceneGraph!.
t2dSceneGraph::addToScene() - Object '2281' is already in a SceneGraph!.
t2dSceneGraph::addToScene() - Object '2282' is already in a SceneGraph!.
t2dSceneGraph::addToScene() - Object '2283' is already in a SceneGraph!.
t2dSceneGraph::addToScene() - Object '2284' is already in a SceneGraph!.
t2dSceneGraph::addToScene() - Object '2285' is already in a SceneGraph!.
t2dSceneGraph::addToScene() - Object '2286' is already in a SceneGraph!.
t2dSceneGraph::addToScene() - Object '2287' is already in a SceneGraph!.
t2dSceneGraph::addToScene() - Object '2288' is already in a SceneGraph!.
t2dSceneGraph::addToScene() - Object '2289' is already in a SceneGraph!.
t2dSceneGraph::addToScene() - Object '2290' is already in a SceneGraph!.
t2dSceneGraph::addToScene() - Object '2291' is already in a SceneGraph!.
t2dSceneGraph::addToScene() - Object '2292' is already in a SceneGraph!.
t2dSceneGraph::addToScene() - Object '2293' is already in a SceneGraph!.
t2dSceneGraph::addToScene() - Object '2294' is already in a SceneGraph!.
t2dSceneGraph::addToScene() - Object '2295' is already in a SceneGraph!.
t2dSceneGraph::addToScene() - Object '2296' is already in a SceneGraph!.
t2dSceneGraph::addToScene() - Object '2297' is already in a SceneGraph!.
t2dSceneGraph::addToScene() - Object '2298' is already in a SceneGraph!.
t2dSceneGraph::addToScene() - Object '2299' is already in a SceneGraph!.
t2dSceneGraph::addToScene() - Object '2300' is already in a SceneGraph!.
t2dSceneGraph::addToScene() - Object '2301' is already in a SceneGraph!.
t2dSceneGraph::addToScene() - Object '2302' is already in a SceneGraph!.
t2dSceneGraph::addToScene() - Object '2303' is already in a SceneGraph!.
t2dSceneGraph::addToScene() - Object '2304' is already in a SceneGraph!.
t2dSceneGraph::addToScene() - Object '2305' is already in a SceneGraph!.
t2dSceneGraph::addToScene() - Object '2306' is already in a SceneGraph!.
t2dSceneGraph::addToScene() - Object '2307' is already in a SceneGraph!.
t2dSceneGraph::addToScene() - Object '2308' is already in a SceneGraph!.
t2dSceneGraph::addToScene() - Object '2309' is already in a SceneGraph!.
t2dSceneGraph::addToScene() - Object '2310' is already in a SceneGraph!.
t2dSceneGraph::addToScene() - Object '2311' is already in a SceneGraph!.
t2dSceneGraph::addToScene() - Object '2312' is already in a SceneGraph!.
t2dSceneGraph::addToScene() - Object '2313' is already in a SceneGraph!.
t2dSceneGraph::addToScene() - Object '2314' is already in a SceneGraph!.
t2dSceneGraph::addToScene() - Object '2315' is already in a SceneGraph!.
t2dSceneGraph::addToScene() - Object '2316' is already in a SceneGraph!.
t2dSceneGraph::addToScene() - Object '2317' is already in a SceneGraph!.
t2dSceneGraph::addToScene() - Object '2318' is already in a SceneGraph!.
t2dSceneGraph::addToScene() - Object '2319' is already in a SceneGraph!.
t2dSceneGraph::addToScene() - Object '2320' is already in a SceneGraph!.
t2dSceneGraph::addToScene() - Object '2321' is already in a SceneGraph!.
t2dSceneGraph::addToScene() - Object '2322' is already in a SceneGraph!.
t2dSceneGraph::addToScene() - Object '2323' is already in a SceneGraph!.
t2dSceneGraph::addToScene() - Object '2324' is already in a SceneGraph!.
t2dSceneGraph::addToScene() - Object '2325' is already in a SceneGraph!.
t2dSceneGraph::addToScene() - Object '2326' is already in a SceneGraph!.
t2dSceneGraph::addToScene() - Object '2327' is already in a SceneGraph!.
t2dSceneGraph::addToScene() - Object '2328' is already in a SceneGraph!.
t2dSceneGraph::addToScene() - Object '2329' is already in a SceneGraph!.
t2dSceneGraph::addToScene() - Object '2330' is already in a SceneGraph!.
t2dSceneGraph::addToScene() - Object '2331' is already in a SceneGraph!.
t2dSceneGraph::addToScene() - Object '2332' is already in a SceneGraph!.
t2dSceneGraph::addToScene() - Object '2333' is already in a SceneGraph!.
t2dSceneGraph::addToScene() - Object '2334' is already in a SceneGraph!.
t2dSceneGraph::addToScene() - Object '2335' is already in a SceneGraph!.
t2dSceneGraph::addToScene() - Object '2336' is already in a SceneGraph!.
t2dSceneGraph::addToScene() - Object '2337' is already in a SceneGraph!.
t2dSceneGraph::addToScene() - Object '2338' is already in a SceneGraph!.
t2dSceneGraph::addToScene() - Object '2339' is already in a SceneGraph!.
t2dSceneGraph::addToScene() - Object '2340' is already in a SceneGraph!.
t2dSceneGraph::addToScene() - Object '2341' is already in a SceneGraph!.
t2dSceneGraph::addToScene() - Object '2342' is already in a SceneGraph!.
t2dSceneGraph::addToScene() - Object '2343' is already in a SceneGraph!.
t2dSceneGraph::addToScene() - Object '2344' is already in a SceneGraph!.
t2dSceneGraph::addToScene() - Object '2345' is already in a SceneGraph!.
t2dSceneGraph::addToScene() - Object '2346' is already in a SceneGraph!.
t2dSceneGraph::addToScene() - Object '2347' is already in a SceneGraph!.
t2dSceneGraph::addToScene() - Object '2348' is already in a SceneGraph!.
t2dSceneGraph::addToScene() - Object '2349' is already in a SceneGraph!.
t2dSceneGraph::addToScene() - Object '2350' is already in a SceneGraph!.
t2dSceneGraph::addToScene() - Object '2351' is already in a SceneGraph!.
t2dSceneGraph::addToScene() - Object '2352' is already in a SceneGraph!.
t2dSceneGraph::addToScene() - Object '2353' is already in a SceneGraph!.
t2dSceneGraph::addToScene() - Object '2354' is already in a SceneGraph!.
t2dSceneGraph::addToScene() - Object '2355' is already in a SceneGraph!.
t2dSceneGraph::addToScene() - Object '2356' is already in a SceneGraph!.
t2dSceneGraph::addToScene() - Object '2357' is already in a SceneGraph!.
t2dSceneGraph::addToScene() - Object '2358' is already in a SceneGraph!.
t2dSceneGraph::addToScene() - Object '2359' is already in a SceneGraph!.
t2dSceneGraph::addToScene() - Object '2360' is already in a SceneGraph!.
Compiling E:/-Funcode-/工程代码/Games/凡王之血/baozang/Bin/game/data/levels/Game2.t2d...
Loading compiled script E:/-Funcode-/工程代码/Games/凡王之血/baozang/Bin/game/data/levels/Game2.t2d.
t2dStaticSprite::setFrame() - Cannot set Frame without existing t2dImageMapDatablock Datablock!
t2dSceneGraph::addToScene() - Object '2489' is already in a SceneGraph!.
t2dSceneGraph::addToScene() - Object '2490' is already in a SceneGraph!.
t2dSceneGraph::addToScene() - Object '2491' is already in a SceneGraph!.
t2dSceneGraph::addToScene() - Object '2492' is already in a SceneGraph!.
t2dSceneGraph::addToScene() - Object '2493' is already in a SceneGraph!.
t2dSceneGraph::addToScene() - Object '2494' is already in a SceneGraph!.
t2dSceneGraph::addToScene() - Object '2495' is already in a SceneGraph!.
t2dSceneGraph::addToScene() - Object '2496' is already in a SceneGraph!.
t2dSceneGraph::addToScene() - Object '2497' is already in a SceneGraph!.
t2dSceneGraph::addToScene() - Object '2498' is already in a SceneGraph!.
t2dSceneGraph::addToScene() - Object '2499' is already in a SceneGraph!.
t2dSceneGraph::addToScene() - Object '2500' is already in a SceneGraph!.
t2dSceneGraph::addToScene() - Object '2501' is already in a SceneGraph!.
t2dSceneGraph::addToScene() - Object '2502' is already in a SceneGraph!.
t2dSceneGraph::addToScene() - Object '2503' is already in a SceneGraph!.
t2dSceneGraph::addToScene() - Object '2504' is already in a SceneGraph!.
t2dSceneGraph::addToScene() - Object '2505' is already in a SceneGraph!.
t2dSceneGraph::addToScene() - Object '2506' is already in a SceneGraph!.
t2dSceneGraph::addToScene() - Object '2507' is already in a SceneGraph!.
t2dSceneGraph::addToScene() - Object '2508' is already in a SceneGraph!.
t2dSceneGraph::addToScene() - Object '2509' is already in a SceneGraph!.
t2dSceneGraph::addToScene() - Object '2510' is already in a SceneGraph!.
t2dSceneGraph::addToScene() - Object '2511' is already in a SceneGraph!.
t2dSceneGraph::addToScene() - Object '2512' is already in a SceneGraph!.
t2dSceneGraph::addToScene() - Object '2513' is already in a SceneGraph!.
t2dSceneGraph::addToScene() - Object '2514' is already in a SceneGraph!.
t2dSceneGraph::addToScene() - Object '2515' is already in a SceneGraph!.
t2dSceneGraph::addToScene() - Object '2516' is already in a SceneGraph!.
t2dSceneGraph::addToScene() - Object '2517' is already in a SceneGraph!.
t2dSceneGraph::addToScene() - Object '2518' is already in a SceneGraph!.
t2dSceneGraph::addToScene() - Object '2519' is already in a SceneGraph!.
t2dSceneGraph::addToScene() - Object '2520' is already in a SceneGraph!.
t2dSceneGraph::addToScene() - Object '2521' is already in a SceneGraph!.
t2dSceneGraph::addToScene() - Object '2522' is already in a SceneGraph!.
t2dSceneGraph::addToScene() - Object '2523' is already in a SceneGraph!.
t2dSceneGraph::addToScene() - Object '2524' is already in a SceneGraph!.
t2dSceneGraph::addToScene() - Object '2525' is already in a SceneGraph!.
t2dSceneGraph::addToScene() - Object '2526' is already in a SceneGraph!.
t2dSceneGraph::addToScene() - Object '2527' is already in a SceneGraph!.
t2dSceneGraph::addToScene() - Object '2528' is already in a SceneGraph!.
t2dSceneGraph::addToScene() - Object '2529' is already in a SceneGraph!.
t2dSceneGraph::addToScene() - Object '2530' is already in a SceneGraph!.
t2dSceneGraph::addToScene() - Object '2531' is already in a SceneGraph!.
t2dSceneGraph::addToScene() - Object '2532' is already in a SceneGraph!.
t2dSceneGraph::addToScene() - Object '2533' is already in a SceneGraph!.
t2dSceneGraph::addToScene() - Object '2534' is already in a SceneGraph!.
t2dSceneGraph::addToScene() - Object '2535' is already in a SceneGraph!.
t2dSceneGraph::addToScene() - Object '2536' is already in a SceneGraph!.
t2dSceneGraph::addToScene() - Object '2537' is already in a SceneGraph!.
t2dSceneGraph::addToScene() - Object '2538' is already in a SceneGraph!.
t2dSceneGraph::addToScene() - Object '2539' is already in a SceneGraph!.
t2dSceneGraph::addToScene() - Object '2540' is already in a SceneGraph!.
t2dSceneGraph::addToScene() - Object '2541' is already in a SceneGraph!.
t2dSceneGraph::addToScene() - Object '2542' is already in a SceneGraph!.
t2dSceneGraph::addToScene() - Object '2543' is already in a SceneGraph!.
t2dSceneGraph::addToScene() - Object '2544' is already in a SceneGraph!.
t2dSceneGraph::addToScene() - Object '2545' is already in a SceneGraph!.
t2dSceneGraph::addToScene() - Object '2546' is already in a SceneGraph!.
t2dSceneGraph::addToScene() - Object '2547' is already in a SceneGraph!.
t2dSceneGraph::addToScene() - Object '2548' is already in a SceneGraph!.
t2dSceneGraph::addToScene() - Object '2549' is already in a SceneGraph!.
t2dSceneGraph::addToScene() - Object '2550' is already in a SceneGraph!.
t2dSceneGraph::addToScene() - Object '2551' is already in a SceneGraph!.
t2dSceneGraph::addToScene() - Object '2552' is already in a SceneGraph!.
t2dSceneGraph::addToScene() - Object '2553' is already in a SceneGraph!.
t2dSceneGraph::addToScene() - Object '2554' is already in a SceneGraph!.
t2dSceneGraph::addToScene() - Object '2555' is already in a SceneGraph!.
t2dSceneGraph::addToScene() - Object '2556' is already in a SceneGraph!.
t2dSceneGraph::addToScene() - Object '2557' is already in a SceneGraph!.
t2dSceneGraph::addToScene() - Object '2558' is already in a SceneGraph!.
t2dSceneGraph::addToScene() - Object '2559' is already in a SceneGraph!.
t2dSceneGraph::addToScene() - Object '2560' is already in a SceneGraph!.
t2dSceneGraph::addToScene() - Object '2561' is already in a SceneGraph!.
t2dSceneGraph::addToScene() - Object '2562' is already in a SceneGraph!.
t2dSceneGraph::addToScene() - Object '2563' is already in a SceneGraph!.
t2dSceneGraph::addToScene() - Object '2564' is already in a SceneGraph!.
t2dSceneGraph::addToScene() - Object '2565' is already in a SceneGraph!.
t2dSceneGraph::addToScene() - Object '2566' is already in a SceneGraph!.
t2dSceneGraph::addToScene() - Object '2567' is already in a SceneGraph!.
t2dSceneGraph::addToScene() - Object '2568' is already in a SceneGraph!.
t2dSceneGraph::addToScene() - Object '2569' is already in a SceneGraph!.
t2dSceneGraph::addToScene() - Object '2570' is already in a SceneGraph!.
t2dSceneGraph::addToScene() - Object '2571' is already in a SceneGraph!.
t2dSceneGraph::addToScene() - Object '2572' is already in a SceneGraph!.
t2dSceneGraph::addToScene() - Object '2573' is already in a SceneGraph!.
t2dSceneGraph::addToScene() - Object '2574' is already in a SceneGraph!.
t2dSceneGraph::addToScene() - Object '2575' is already in a SceneGraph!.
t2dSceneGraph::addToScene() - Object '2576' is already in a SceneGraph!.
t2dSceneGraph::addToScene() - Object '2577' is already in a SceneGraph!.
t2dSceneGraph::addToScene() - Object '2578' is already in a SceneGraph!.
t2dSceneGraph::addToScene() - Object '2579' is already in a SceneGraph!.
t2dSceneGraph::addToScene() - Object '2580' is already in a SceneGraph!.
t2dSceneGraph::addToScene() - Object '2581' is already in a SceneGraph!.
t2dSceneGraph::addToScene() - Object '2582' is already in a SceneGraph!.
t2dSceneGraph::addToScene() - Object '2583' is already in a SceneGraph!.
t2dSceneGraph::addToScene() - Object '2584' is already in a SceneGraph!.
t2dSceneGraph::addToScene() - Object '2585' is already in a SceneGraph!.
t2dSceneGraph::addToScene() - Object '2586' is already in a SceneGraph!.
t2dSceneGraph::addToScene() - Object '2587' is already in a SceneGraph!.
t2dSceneGraph::addToScene() - Object '2588' is already in a SceneGraph!.
t2dSceneGraph::addToScene() - Object '2589' is already in a SceneGraph!.
t2dSceneGraph::addToScene() - Object '2590' is already in a SceneGraph!.
t2dSceneGraph::addToScene() - Object '2591' is already in a SceneGraph!.
t2dSceneGraph::addToScene() - Object '2592' is already in a SceneGraph!.
t2dSceneGraph::addToScene() - Object '2593' is already in a SceneGraph!.
t2dSceneGraph::addToScene() - Object '2594' is already in a SceneGraph!.
t2dSceneGraph::addToScene() - Object '2595' is already in a SceneGraph!.
t2dSceneGraph::addToScene() - Object '2596' is already in a SceneGraph!.
t2dSceneGraph::addToScene() - Object '2597' is already in a SceneGraph!.
t2dSceneGraph::addToScene() - Object '2598' is already in a SceneGraph!.
t2dSceneGraph::addToScene() - Object '2599' is already in a SceneGraph!.
t2dSceneGraph::addToScene() - Object '2600' is already in a SceneGraph!.
t2dSceneGraph::addToScene() - Object '2601' is already in a SceneGraph!.
t2dSceneGraph::addToScene() - Object '2602' is already in a SceneGraph!.
t2dSceneGraph::addToScene() - Object '2603' is already in a SceneGraph!.
t2dSceneGraph::addToScene() - Object '2604' is already in a SceneGraph!.
t2dSceneGraph::addToScene() - Object '2605' is already in a SceneGraph!.
t2dSceneGraph::addToScene() - Object '2606' is already in a SceneGraph!.
t2dSceneGraph::addToScene() - Object '2607' is already in a SceneGraph!.
t2dSceneGraph::addToScene() - Object '2608' is already in a SceneGraph!.
t2dSceneGraph::addToScene() - Object '2609' is already in a SceneGraph!.
t2dSceneGraph::addToScene() - Object '2610' is already in a SceneGraph!.
t2dSceneGraph::addToScene() - Object '2611' is already in a SceneGraph!.
t2dSceneGraph::addToScene() - Object '2612' is already in a SceneGraph!.
t2dSceneGraph::addToScene() - Object '2613' is already in a SceneGraph!.
t2dSceneGraph::addToScene() - Object '2614' is already in a SceneGraph!.
t2dSceneGraph::addToScene() - Object '2615' is already in a SceneGraph!.
t2dSceneGraph::addToScene() - Object '2616' is already in a SceneGraph!.
t2dSceneGraph::addToScene() - Object '2617' is already in a SceneGraph!.
t2dSceneGraph::addToScene() - Object '2618' is already in a SceneGraph!.
t2dSceneGraph::addToScene() - Object '2619' is already in a SceneGraph!.
t2dSceneGraph::addToScene() - Object '2620' is already in a SceneGraph!.
t2dSceneGraph::addToScene() - Object '2621' is already in a SceneGraph!.
t2dSceneGraph::addToScene() - Object '2622' is already in a SceneGraph!.
t2dSceneGraph::addToScene() - Object '2623' is already in a SceneGraph!.
t2dSceneGraph::addToScene() - Object '2624' is already in a SceneGraph!.
t2dSceneGraph::addToScene() - Object '2625' is already in a SceneGraph!.
t2dSceneGraph::addToScene() - Object '2626' is already in a SceneGraph!.
t2dSceneGraph::addToScene() - Object '2627' is already in a SceneGraph!.
t2dSceneGraph::addToScene() - Object '2628' is already in a SceneGraph!.
t2dSceneGraph::addToScene() - Object '2629' is already in a SceneGraph!.
t2dSceneGraph::addToScene() - Object '2630' is already in a SceneGraph!.
t2dSceneGraph::addToScene() - Object '2631' is already in a SceneGraph!.
Compiling E:/-Funcode-/工程代码/Games/凡王之血/baozang/Bin/game/data/levels/Game3.t2d...
Loading compiled script E:/-Funcode-/工程代码/Games/凡王之血/baozang/Bin/game/data/levels/Game3.t2d.
t2dStaticSprite::setFrame() - Cannot set Frame without existing t2dImageMapDatablock Datablock!
t2dSceneGraph::addToScene() - Object '2760' is already in a SceneGraph!.
t2dSceneGraph::addToScene() - Object '2761' is already in a SceneGraph!.
t2dSceneGraph::addToScene() - Object '2762' is already in a SceneGraph!.
t2dSceneGraph::addToScene() - Object '2763' is already in a SceneGraph!.
t2dSceneGraph::addToScene() - Object '2764' is already in a SceneGraph!.
t2dSceneGraph::addToScene() - Object '2765' is already in a SceneGraph!.
t2dSceneGraph::addToScene() - Object '2766' is already in a SceneGraph!.
t2dSceneGraph::addToScene() - Object '2767' is already in a SceneGraph!.
t2dSceneGraph::addToScene() - Object '2768' is already in a SceneGraph!.
t2dSceneGraph::addToScene() - Object '2769' is already in a SceneGraph!.
t2dSceneGraph::addToScene() - Object '2770' is already in a SceneGraph!.
t2dSceneGraph::addToScene() - Object '2771' is already in a SceneGraph!.
t2dSceneGraph::addToScene() - Object '2772' is already in a SceneGraph!.
t2dSceneGraph::addToScene() - Object '2773' is already in a SceneGraph!.
t2dSceneGraph::addToScene() - Object '2774' is already in a SceneGraph!.
t2dSceneGraph::addToScene() - Object '2775' is already in a SceneGraph!.
t2dSceneGraph::addToScene() - Object '2776' is already in a SceneGraph!.
t2dSceneGraph::addToScene() - Object '2777' is already in a SceneGraph!.
t2dSceneGraph::addToScene() - Object '2778' is already in a SceneGraph!.
t2dSceneGraph::addToScene() - Object '2779' is already in a SceneGraph!.
t2dSceneGraph::addToScene() - Object '2780' is already in a SceneGraph!.
t2dSceneGraph::addToScene() - Object '2781' is already in a SceneGraph!.
t2dSceneGraph::addToScene() - Object '2782' is already in a SceneGraph!.
t2dSceneGraph::addToScene() - Object '2783' is already in a SceneGraph!.
t2dSceneGraph::addToScene() - Object '2784' is already in a SceneGraph!.
t2dSceneGraph::addToScene() - Object '2785' is already in a SceneGraph!.
t2dSceneGraph::addToScene() - Object '2786' is already in a SceneGraph!.
t2dSceneGraph::addToScene() - Object '2787' is already in a SceneGraph!.
t2dSceneGraph::addToScene() - Object '2788' is already in a SceneGraph!.
t2dSceneGraph::addToScene() - Object '2789' is already in a SceneGraph!.
t2dSceneGraph::addToScene() - Object '2790' is already in a SceneGraph!.
t2dSceneGraph::addToScene() - Object '2791' is already in a SceneGraph!.
t2dSceneGraph::addToScene() - Object '2792' is already in a SceneGraph!.
t2dSceneGraph::addToScene() - Object '2793' is already in a SceneGraph!.
t2dSceneGraph::addToScene() - Object '2794' is already in a SceneGraph!.
t2dSceneGraph::addToScene() - Object '2795' is already in a SceneGraph!.
t2dSceneGraph::addToScene() - Object '2796' is already in a SceneGraph!.
t2dSceneGraph::addToScene() - Object '2797' is already in a SceneGraph!.
t2dSceneGraph::addToScene() - Object '2798' is already in a SceneGraph!.
t2dSceneGraph::addToScene() - Object '2799' is already in a SceneGraph!.
t2dSceneGraph::addToScene() - Object '2800' is already in a SceneGraph!.
t2dSceneGraph::addToScene() - Object '2801' is already in a SceneGraph!.
t2dSceneGraph::addToScene() - Object '2802' is already in a SceneGraph!.
t2dSceneGraph::addToScene() - Object '2803' is already in a SceneGraph!.
t2dSceneGraph::addToScene() - Object '2804' is already in a SceneGraph!.
t2dSceneGraph::addToScene() - Object '2805' is already in a SceneGraph!.
t2dSceneGraph::addToScene() - Object '2806' is already in a SceneGraph!.
t2dSceneGraph::addToScene() - Object '2807' is already in a SceneGraph!.
t2dSceneGraph::addToScene() - Object '2808' is already in a SceneGraph!.
t2dSceneGraph::addToScene() - Object '2809' is already in a SceneGraph!.
t2dSceneGraph::addToScene() - Object '2810' is already in a SceneGraph!.
t2dSceneGraph::addToScene() - Object '2811' is already in a SceneGraph!.
t2dSceneGraph::addToScene() - Object '2812' is already in a SceneGraph!.
t2dSceneGraph::addToScene() - Object '2813' is already in a SceneGraph!.
t2dSceneGraph::addToScene() - Object '2814' is already in a SceneGraph!.
t2dSceneGraph::addToScene() - Object '2815' is already in a SceneGraph!.
t2dSceneGraph::addToScene() - Object '2816' is already in a SceneGraph!.
t2dSceneGraph::addToScene() - Object '2817' is already in a SceneGraph!.
t2dSceneGraph::addToScene() - Object '2818' is already in a SceneGraph!.
t2dSceneGraph::addToScene() - Object '2819' is already in a SceneGraph!.
t2dSceneGraph::addToScene() - Object '2820' is already in a SceneGraph!.
t2dSceneGraph::addToScene() - Object '2821' is already in a SceneGraph!.
t2dSceneGraph::addToScene() - Object '2822' is already in a SceneGraph!.
t2dSceneGraph::addToScene() - Object '2823' is already in a SceneGraph!.
t2dSceneGraph::addToScene() - Object '2824' is already in a SceneGraph!.
t2dSceneGraph::addToScene() - Object '2825' is already in a SceneGraph!.
t2dSceneGraph::addToScene() - Object '2826' is already in a SceneGraph!.
t2dSceneGraph::addToScene() - Object '2827' is already in a SceneGraph!.
t2dSceneGraph::addToScene() - Object '2828' is already in a SceneGraph!.
t2dSceneGraph::addToScene() - Object '2829' is already in a SceneGraph!.
t2dSceneGraph::addToScene() - Object '2830' is already in a SceneGraph!.
t2dSceneGraph::addToScene() - Object '2831' is already in a SceneGraph!.
t2dSceneGraph::addToScene() - Object '2832' is already in a SceneGraph!.
t2dSceneGraph::addToScene() - Object '2833' is already in a SceneGraph!.
t2dSceneGraph::addToScene() - Object '2834' is already in a SceneGraph!.
t2dSceneGraph::addToScene() - Object '2835' is already in a SceneGraph!.
t2dSceneGraph::addToScene() - Object '2836' is already in a SceneGraph!.
t2dSceneGraph::addToScene() - Object '2837' is already in a SceneGraph!.
t2dSceneGraph::addToScene() - Object '2838' is already in a SceneGraph!.
t2dSceneGraph::addToScene() - Object '2839' is already in a SceneGraph!.
t2dSceneGraph::addToScene() - Object '2840' is already in a SceneGraph!.
t2dSceneGraph::addToScene() - Object '2841' is already in a SceneGraph!.
t2dSceneGraph::addToScene() - Object '2842' is already in a SceneGraph!.
t2dSceneGraph::addToScene() - Object '2843' is already in a SceneGraph!.
t2dSceneGraph::addToScene() - Object '2844' is already in a SceneGraph!.
t2dSceneGraph::addToScene() - Object '2845' is already in a SceneGraph!.
t2dSceneGraph::addToScene() - Object '2846' is already in a SceneGraph!.
t2dSceneGraph::addToScene() - Object '2847' is already in a SceneGraph!.
t2dSceneGraph::addToScene() - Object '2848' is already in a SceneGraph!.
t2dSceneGraph::addToScene() - Object '2849' is already in a SceneGraph!.
t2dSceneGraph::addToScene() - Object '2850' is already in a SceneGraph!.
t2dSceneGraph::addToScene() - Object '2851' is already in a SceneGraph!.
t2dSceneGraph::addToScene() - Object '2852' is already in a SceneGraph!.
t2dSceneGraph::addToScene() - Object '2853' is already in a SceneGraph!.
t2dSceneGraph::addToScene() - Object '2854' is already in a SceneGraph!.
t2dSceneGraph::addToScene() - Object '2855' is already in a SceneGraph!.
t2dSceneGraph::addToScene() - Object '2856' is already in a SceneGraph!.
t2dSceneGraph::addToScene() - Object '2857' is already in a SceneGraph!.
t2dSceneGraph::addToScene() - Object '2858' is already in a SceneGraph!.
t2dSceneGraph::addToScene() - Object '2859' is already in a SceneGraph!.
t2dSceneGraph::addToScene() - Object '2860' is already in a SceneGraph!.
t2dSceneGraph::addToScene() - Object '2861' is already in a SceneGraph!.
t2dSceneGraph::addToScene() - Object '2862' is already in a SceneGraph!.
t2dSceneGraph::addToScene() - Object '2863' is already in a SceneGraph!.
t2dSceneGraph::addToScene() - Object '2864' is already in a SceneGraph!.
t2dSceneGraph::addToScene() - Object '2865' is already in a SceneGraph!.
t2dSceneGraph::addToScene() - Object '2866' is already in a SceneGraph!.
t2dSceneGraph::addToScene() - Object '2867' is already in a SceneGraph!.
t2dSceneGraph::addToScene() - Object '2868' is already in a SceneGraph!.
t2dSceneGraph::addToScene() - Object '2869' is already in a SceneGraph!.
t2dSceneGraph::addToScene() - Object '2870' is already in a SceneGraph!.
t2dSceneGraph::addToScene() - Object '2871' is already in a SceneGraph!.
t2dSceneGraph::addToScene() - Object '2872' is already in a SceneGraph!.
t2dSceneGraph::addToScene() - Object '2873' is already in a SceneGraph!.
t2dSceneGraph::addToScene() - Object '2874' is already in a SceneGraph!.
t2dSceneGraph::addToScene() - Object '2875' is already in a SceneGraph!.
t2dSceneGraph::addToScene() - Object '2876' is already in a SceneGraph!.
t2dSceneGraph::addToScene() - Object '2877' is already in a SceneGraph!.
t2dSceneGraph::addToScene() - Object '2878' is already in a SceneGraph!.
t2dSceneGraph::addToScene() - Object '2879' is already in a SceneGraph!.
t2dSceneGraph::addToScene() - Object '2880' is already in a SceneGraph!.
t2dSceneGraph::addToScene() - Object '2881' is already in a SceneGraph!.
t2dSceneGraph::addToScene() - Object '2882' is already in a SceneGraph!.
t2dSceneGraph::addToScene() - Object '2883' is already in a SceneGraph!.
t2dSceneGraph::addToScene() - Object '2884' is already in a SceneGraph!.
t2dSceneGraph::addToScene() - Object '2885' is already in a SceneGraph!.
t2dSceneGraph::addToScene() - Object '2886' is already in a SceneGraph!.
t2dSceneGraph::addToScene() - Object '2887' is already in a SceneGraph!.
t2dSceneGraph::addToScene() - Object '2888' is already in a SceneGraph!.
t2dSceneGraph::addToScene() - Object '2889' is already in a SceneGraph!.
t2dSceneGraph::addToScene() - Object '2890' is already in a SceneGraph!.
t2dSceneGraph::addToScene() - Object '2891' is already in a SceneGraph!.
t2dSceneGraph::addToScene() - Object '2892' is already in a SceneGraph!.
t2dSceneGraph::addToScene() - Object '2893' is already in a SceneGraph!.
t2dSceneGraph::addToScene() - Object '2894' is already in a SceneGraph!.
t2dSceneGraph::addToScene() - Object '2895' is already in a SceneGraph!.
t2dSceneGraph::addToScene() - Object '2896' is already in a SceneGraph!.
t2dSceneGraph::addToScene() - Object '2897' is already in a SceneGraph!.
t2dSceneGraph::addToScene() - Object '2898' is already in a SceneGraph!.
t2dSceneGraph::addToScene() - Object '2899' is already in a SceneGraph!.
t2dSceneGraph::addToScene() - Object '2900' is already in a SceneGraph!.
t2dSceneGraph::addToScene() - Object '2901' is already in a SceneGraph!.
t2dSceneGraph::addToScene() - Object '2902' is already in a SceneGraph!.
t2dSceneGraph::addToScene() - Object '2903' is already in a SceneGraph!.
t2dSceneGraph::addToScene() - Object '2904' is already in a SceneGraph!.
t2dSceneGraph::addToScene() - Object '2905' is already in a SceneGraph!.
t2dSceneGraph::addToScene() - Object '2906' is already in a SceneGraph!.
t2dSceneGraph::addToScene() - Object '2907' is already in a SceneGraph!.
t2dSceneGraph::addToScene() - Object '2908' is already in a SceneGraph!.
t2dSceneGraph::addToScene() - Object '2909' is already in a SceneGraph!.
t2dSceneGraph::addToScene() - Object '2910' is already in a SceneGraph!.
t2dSceneGraph::addToScene() - Object '2911' is already in a SceneGraph!.
t2dSceneGraph::addToScene() - Object '2912' is already in a SceneGraph!.
t2dSceneGraph::addToScene() - Object '2913' is already in a SceneGraph!.
t2dSceneGraph::addToScene() - Object '2914' is already in a SceneGraph!.
t2dSceneGraph::addToScene() - Object '2915' is already in a SceneGraph!.
t2dSceneGraph::addToScene() - Object '2916' is already in a SceneGraph!.
t2dSceneGraph::addToScene() - Object '2917' is already in a SceneGraph!.
t2dSceneGraph::addToScene() - Object '2918' is already in a SceneGraph!.
t2dSceneGraph::addToScene() - Object '2919' is already in a SceneGraph!.
t2dSceneGraph::addToScene() - Object '2920' is already in a SceneGraph!.
t2dSceneGraph::addToScene() - Object '2921' is already in a SceneGraph!.
t2dSceneGraph::addToScene() - Object '2922' is already in a SceneGraph!.
t2dSceneGraph::addToScene() - Object '2923' is already in a SceneGraph!.
t2dSceneGraph::addToScene() - Object '2924' is already in a SceneGraph!.
t2dSceneGraph::addToScene() - Object '2925' is already in a SceneGraph!.
t2dSceneGraph::addToScene() - Object '2926' is already in a SceneGraph!.
t2dSceneGraph::addToScene() - Object '2927' is already in a SceneGraph!.
t2dSceneGraph::addToScene() - Object '2928' is already in a SceneGraph!.
t2dSceneGraph::addToScene() - Object '2929' is already in a SceneGraph!.
t2dSceneGraph::addToScene() - Object '2930' is already in a SceneGraph!.
t2dSceneGraph::addToScene() - Object '2931' is already in a SceneGraph!.
t2dSceneGraph::addToScene() - Object '2932' is already in a SceneGraph!.
t2dSceneGraph::addToScene() - Object '2933' is already in a SceneGraph!.
t2dSceneGraph::addToScene() - Object '2934' is already in a SceneGraph!.
t2dSceneGraph::addToScene() - Object '2935' is already in a SceneGraph!.
t2dSceneGraph::addToScene() - Object '2936' is already in a SceneGraph!.
t2dSceneGraph::addToScene() - Object '2937' is already in a SceneGraph!.
t2dSceneGraph::addToScene() - Object '2938' is already in a SceneGraph!.
t2dSceneGraph::addToScene() - Object '2939' is already in a SceneGraph!.
t2dSceneGraph::addToScene() - Object '2940' is already in a SceneGraph!.
t2dSceneGraph::addToScene() - Object '2941' is already in a SceneGraph!.
t2dSceneGraph::addToScene() - Object '2942' is already in a SceneGraph!.
t2dSceneGraph::addToScene() - Object '2943' is already in a SceneGraph!.
t2dSceneGraph::addToScene() - Object '2944' is already in a SceneGraph!.
Compiling E:/-Funcode-/工程代码/Games/凡王之血/baozang/Bin/game/data/levels/Game3.t2d...
Loading compiled script E:/-Funcode-/工程代码/Games/凡王之血/baozang/Bin/game/data/levels/Game3.t2d.
t2dStaticSprite::setFrame() - Cannot set Frame without existing t2dImageMapDatablock Datablock!
t2dSceneGraph::addToScene() - Object '3073' is already in a SceneGraph!.
t2dSceneGraph::addToScene() - Object '3074' is already in a SceneGraph!.
t2dSceneGraph::addToScene() - Object '3075' is already in a SceneGraph!.
t2dSceneGraph::addToScene() - Object '3076' is already in a SceneGraph!.
t2dSceneGraph::addToScene() - Object '3077' is already in a SceneGraph!.
t2dSceneGraph::addToScene() - Object '3078' is already in a SceneGraph!.
t2dSceneGraph::addToScene() - Object '3079' is already in a SceneGraph!.
t2dSceneGraph::addToScene() - Object '3080' is already in a SceneGraph!.
t2dSceneGraph::addToScene() - Object '3081' is already in a SceneGraph!.
t2dSceneGraph::addToScene() - Object '3082' is already in a SceneGraph!.
t2dSceneGraph::addToScene() - Object '3083' is already in a SceneGraph!.
t2dSceneGraph::addToScene() - Object '3084' is already in a SceneGraph!.
t2dSceneGraph::addToScene() - Object '3085' is already in a SceneGraph!.
t2dSceneGraph::addToScene() - Object '3086' is already in a SceneGraph!.
t2dSceneGraph::addToScene() - Object '3087' is already in a SceneGraph!.
t2dSceneGraph::addToScene() - Object '3088' is already in a SceneGraph!.
t2dSceneGraph::addToScene() - Object '3089' is already in a SceneGraph!.
Compiling E:/-Funcode-/工程代码/Games/凡王之血/baozang/Bin/game/data/levels/MapMenu.t2d...
Loading compiled script E:/-Funcode-/工程代码/Games/凡王之血/baozang/Bin/game/data/levels/MapMenu.t2d.
DirectInput deactivated.
Activating DirectInput...
DirectInput deactivated.
Activating DirectInput...
DirectInput deactivated.
Shutting down the OpenGL display device...
Making the GL rendering context not current...
Deleting the GL rendering context...
Releasing the device context...
