//-------------------------- 8/25/2024 -- 16:06:13 -----
Processor Init:
   Intel Pentium III, ~2.93 Ghz
     (timed at roughly 2.92 Ghz)
   FPU detected
   MMX detected
   SSE detected
 
Math Init:
   Installing Standard C extensions
   Installing Assembly extensions
   Installing FPU extensions
   Installing MMX extensions
   Installing SSE extensions
 
Input Init:
   DirectInput enabled.

Initializing chunk mappings...
   o 'TEXT' maps to TextChunk
   o 'SCHK' maps to UnknownChunk
   o 'SCHK' maps to SimChunk
Loading compiled script C:/Users/27427/Desktop/-Funcode-/工程代码/Games/ShadowWorld/Bin/common/main.cs.
Loading compiled script C:/Users/27427/Desktop/-Funcode-/工程代码/Games/ShadowWorld/Bin/game/main.cs.
 % - Initializing Common
Loading compiled script C:/Users/27427/Desktop/-Funcode-/工程代码/Games/ShadowWorld/Bin/common/preferences/defaultPrefs.cs.
Reading Display Device information...
   Primary Display Device Found:
      Vendor Id: VEN_0000
      Device Id: DEV_0000

Using OpenGL rendering. Fullscreen: 0

Loading compiled script C:/Users/27427/Desktop/-Funcode-/工程代码/Games/ShadowWorld/Bin/common/gameScripts/xml.cs.
Loading compiled script C:/Users/27427/Desktop/-Funcode-/工程代码/Games/ShadowWorld/Bin/common/gameScripts/properties.cs.
Loading compiled script C:/Users/27427/Desktop/-Funcode-/工程代码/Games/ShadowWorld/Bin/common/gameScripts/common.cs.
Loading compiled script C:/Users/27427/Desktop/-Funcode-/工程代码/Games/ShadowWorld/Bin/common/gameScripts/audio.cs.
Loading compiled script C:/Users/27427/Desktop/-Funcode-/工程代码/Games/ShadowWorld/Bin/common/gameScripts/canvas.cs.
Loading compiled script C:/Users/27427/Desktop/-Funcode-/工程代码/Games/ShadowWorld/Bin/common/gameScripts/cursor.cs.
Video Init:
   Accelerated OpenGL display device detected.
   Accelerated D3D device not detected.
   Voodoo 2 display device not detected.

Activating the OpenGL display device...
Activating the OpenGL display device...
Setting screen mode to 320x320x32 (w)...
