//-------------------------- 8/6/2024 -- 14:52:26 -----
Processor Init:
   Intel Pentium III, ~2.87 Ghz
     (timed at roughly 2.88 Ghz)
   FPU detected
   MMX detected
   SSE detected
 
Math Init:
   Installing Standard C extensions
   Installing Assembly extensions
   Installing FPU extensions
   Installing MMX extensions
   Installing SSE extensions
 
Input Init:
   DirectInput enabled.

Initializing chunk mappings...
   o 'TEXT' maps to TextChunk
   o 'SCHK' maps to UnknownChunk
   o 'SCHK' maps to SimChunk
Compiling C:/Users/27427/Desktop/-Funcode-/工程代码/FunCode/gameData/T2DProject/common/main.cs...
Loading compiled script C:/Users/27427/Desktop/-Funcode-/工程代码/FunCode/gameData/T2DProject/common/main.cs.
setModPaths: invalid mod path directory name: 'game'
Missing file: C:/Users/27427/Desktop/-Funcode-/工程代码/FunCode/gameData/T2DProject/game/main.cs!
 % - Initializing Common
Compiling C:/Users/27427/Desktop/-Funcode-/工程代码/FunCode/gameData/T2DProject/common/preferences/defaultPrefs.cs...
Loading compiled script C:/Users/27427/Desktop/-Funcode-/工程代码/FunCode/gameData/T2DProject/common/preferences/defaultPrefs.cs.
Reading Display Device information...
   Primary Display Device Found:
      Vendor Id: VEN_0000
      Device Id: DEV_0000

Using OpenGL rendering. Fullscreen: 0

Compiling C:/Users/27427/Desktop/-Funcode-/工程代码/FunCode/gameData/T2DProject/common/gameScripts/xml.cs...
Loading compiled script C:/Users/27427/Desktop/-Funcode-/工程代码/FunCode/gameData/T2DProject/common/gameScripts/xml.cs.
Compiling C:/Users/27427/Desktop/-Funcode-/工程代码/FunCode/gameData/T2DProject/common/gameScripts/properties.cs...
Loading compiled script C:/Users/27427/Desktop/-Funcode-/工程代码/FunCode/gameData/T2DProject/common/gameScripts/properties.cs.
Compiling C:/Users/27427/Desktop/-Funcode-/工程代码/FunCode/gameData/T2DProject/common/gameScripts/common.cs...
Loading compiled script C:/Users/27427/Desktop/-Funcode-/工程代码/FunCode/gameData/T2DProject/common/gameScripts/common.cs.
Compiling C:/Users/27427/Desktop/-Funcode-/工程代码/FunCode/gameData/T2DProject/common/gameScripts/audio.cs...
Loading compiled script C:/Users/27427/Desktop/-Funcode-/工程代码/FunCode/gameData/T2DProject/common/gameScripts/audio.cs.
Compiling C:/Users/27427/Desktop/-Funcode-/工程代码/FunCode/gameData/T2DProject/common/gameScripts/canvas.cs...
Loading compiled script C:/Users/27427/Desktop/-Funcode-/工程代码/FunCode/gameData/T2DProject/common/gameScripts/canvas.cs.
Compiling C:/Users/27427/Desktop/-Funcode-/工程代码/FunCode/gameData/T2DProject/common/gameScripts/cursor.cs...
Loading compiled script C:/Users/27427/Desktop/-Funcode-/工程代码/FunCode/gameData/T2DProject/common/gameScripts/cursor.cs.
Video Init:
   Accelerated OpenGL display device detected.
   Accelerated D3D device detected.
   Voodoo 2 display device not detected.

Activating the OpenGL display device...
Activating the OpenGL display device...
Setting screen mode to 320x320x32 (w)...
Creating a new window...
Acquiring a new device context...
Pixel format set:
  32 color bits, 24 depth bits, 8 stencil bits
Creating a new rendering context...
Making the new rendering context current...
OpenGL driver information:
  Vendor: Intel
  Renderer: Intel(R) Iris(R) Xe Graphics
  Version: 4.6.0 - Build 31.0.101.4146
OpenGL Init: Enabled Extensions
  ARB_multitexture (Max Texture Units: 8)
  EXT_blend_color
  EXT_blend_minmax
  EXT_compiled_vertex_array
  EXT_texture_env_combine
  EXT_packed_pixels
  EXT_fog_coord
  ARB_texture_compression
  EXT_texture_compression_s3tc
  3DFX_texture_compression_FXT1
  (ARB|EXT)_texture_env_add
  EXT_texture_filter_anisotropic (Max anisotropy: 16)
  WGL_EXT_swap_control
OpenGL Init: Disabled Extensions
  EXT_paletted_texture
  NV_vertex_array_range

Max Texture Size reported as: 16384
Setting screen mode to 800x600x32 (w)...
OpenAL Driver Init:
   Vendor: Creative Labs Inc.
   Version: OpenAL 1.0
   Renderer: Software
   Extensions: EAX 2.0, EAX 3.0, EAX Unified, and EAX-AC3

Compiling C:/Users/27427/Desktop/-Funcode-/工程代码/FunCode/gameData/T2DProject/common/gui/profiles.cs...
Loading compiled script C:/Users/27427/Desktop/-Funcode-/工程代码/FunCode/gameData/T2DProject/common/gui/profiles.cs.
Compiling C:/Users/27427/Desktop/-Funcode-/工程代码/FunCode/gameData/T2DProject/common/gui/cursors.cs...
Loading compiled script C:/Users/27427/Desktop/-Funcode-/工程代码/FunCode/gameData/T2DProject/common/gui/cursors.cs.
Compiling C:/Users/27427/Desktop/-Funcode-/工程代码/FunCode/gameData/T2DProject/common/gui/messageBoxOk.gui...
Loading compiled script C:/Users/27427/Desktop/-Funcode-/工程代码/FunCode/gameData/T2DProject/common/gui/messageBoxOk.gui.
Compiling C:/Users/27427/Desktop/-Funcode-/工程代码/FunCode/gameData/T2DProject/common/gui/messageBoxYesNo.gui...
Loading compiled script C:/Users/27427/Desktop/-Funcode-/工程代码/FunCode/gameData/T2DProject/common/gui/messageBoxYesNo.gui.
Compiling C:/Users/27427/Desktop/-Funcode-/工程代码/FunCode/gameData/T2DProject/common/gui/messageBoxYesNoCancel.gui...
Loading compiled script C:/Users/27427/Desktop/-Funcode-/工程代码/FunCode/gameData/T2DProject/common/gui/messageBoxYesNoCancel.gui.
Compiling C:/Users/27427/Desktop/-Funcode-/工程代码/FunCode/gameData/T2DProject/common/gui/messageBoxOKCancel.gui...
Loading compiled script C:/Users/27427/Desktop/-Funcode-/工程代码/FunCode/gameData/T2DProject/common/gui/messageBoxOKCancel.gui.
Compiling C:/Users/27427/Desktop/-Funcode-/工程代码/FunCode/gameData/T2DProject/common/gui/messageBoxOKCancelDetailsDlg.gui...
Loading compiled script C:/Users/27427/Desktop/-Funcode-/工程代码/FunCode/gameData/T2DProject/common/gui/messageBoxOKCancelDetailsDlg.gui.
Compiling C:/Users/27427/Desktop/-Funcode-/工程代码/FunCode/gameData/T2DProject/common/gui/messagePopup.gui...
Loading compiled script C:/Users/27427/Desktop/-Funcode-/工程代码/FunCode/gameData/T2DProject/common/gui/messagePopup.gui.
Compiling C:/Users/27427/Desktop/-Funcode-/工程代码/FunCode/gameData/T2DProject/common/gui/options.gui...
Loading compiled script C:/Users/27427/Desktop/-Funcode-/工程代码/FunCode/gameData/T2DProject/common/gui/options.gui.
Compiling C:/Users/27427/Desktop/-Funcode-/工程代码/FunCode/gameData/T2DProject/common/gui/remap.gui...
Loading compiled script C:/Users/27427/Desktop/-Funcode-/工程代码/FunCode/gameData/T2DProject/common/gui/remap.gui.
Compiling C:/Users/27427/Desktop/-Funcode-/工程代码/FunCode/gameData/T2DProject/common/gui/console.gui...
Loading compiled script C:/Users/27427/Desktop/-Funcode-/工程代码/FunCode/gameData/T2DProject/common/gui/console.gui.
Compiling C:/Users/27427/Desktop/-Funcode-/工程代码/FunCode/gameData/T2DProject/common/gui/NetworkMenu.gui...
Loading compiled script C:/Users/27427/Desktop/-Funcode-/工程代码/FunCode/gameData/T2DProject/common/gui/NetworkMenu.gui.
Compiling C:/Users/27427/Desktop/-Funcode-/工程代码/FunCode/gameData/T2DProject/common/gui/startServer.gui...
Loading compiled script C:/Users/27427/Desktop/-Funcode-/工程代码/FunCode/gameData/T2DProject/common/gui/startServer.gui.
Compiling C:/Users/27427/Desktop/-Funcode-/工程代码/FunCode/gameData/T2DProject/common/gui/joinServer.gui...
Loading compiled script C:/Users/27427/Desktop/-Funcode-/工程代码/FunCode/gameData/T2DProject/common/gui/joinServer.gui.
Compiling C:/Users/27427/Desktop/-Funcode-/工程代码/FunCode/gameData/T2DProject/common/gui/waitingForServer.gui...
Loading compiled script C:/Users/27427/Desktop/-Funcode-/工程代码/FunCode/gameData/T2DProject/common/gui/waitingForServer.gui.
Compiling C:/Users/27427/Desktop/-Funcode-/工程代码/FunCode/gameData/T2DProject/common/gui/helpDlg.gui...
Loading compiled script C:/Users/27427/Desktop/-Funcode-/工程代码/FunCode/gameData/T2DProject/common/gui/helpDlg.gui.
Compiling C:/Users/27427/Desktop/-Funcode-/工程代码/FunCode/gameData/T2DProject/common/gui/messageBox.cs...
Loading compiled script C:/Users/27427/Desktop/-Funcode-/工程代码/FunCode/gameData/T2DProject/common/gui/messageBox.cs.
Compiling C:/Users/27427/Desktop/-Funcode-/工程代码/FunCode/gameData/T2DProject/common/gui/help.cs...
Loading compiled script C:/Users/27427/Desktop/-Funcode-/工程代码/FunCode/gameData/T2DProject/common/gui/help.cs.
Compiling C:/Users/27427/Desktop/-Funcode-/工程代码/FunCode/gameData/T2DProject/common/gui/chatGui.gui...
Loading compiled script C:/Users/27427/Desktop/-Funcode-/工程代码/FunCode/gameData/T2DProject/common/gui/chatGui.gui.
Compiling C:/Users/27427/Desktop/-Funcode-/工程代码/FunCode/gameData/T2DProject/common/gameScripts/screenshot.cs...
Loading compiled script C:/Users/27427/Desktop/-Funcode-/工程代码/FunCode/gameData/T2DProject/common/gameScripts/screenshot.cs.
Compiling C:/Users/27427/Desktop/-Funcode-/工程代码/FunCode/gameData/T2DProject/common/gameScripts/metrics.cs...
Loading compiled script C:/Users/27427/Desktop/-Funcode-/工程代码/FunCode/gameData/T2DProject/common/gameScripts/metrics.cs.
Compiling C:/Users/27427/Desktop/-Funcode-/工程代码/FunCode/gameData/T2DProject/common/Gui/FrameOverlayGui.gui...
Loading compiled script C:/Users/27427/Desktop/-Funcode-/工程代码/FunCode/gameData/T2DProject/common/Gui/FrameOverlayGui.gui.
Compiling C:/Users/27427/Desktop/-Funcode-/工程代码/FunCode/gameData/T2DProject/common/gameScripts/scriptDoc.cs...
Loading compiled script C:/Users/27427/Desktop/-Funcode-/工程代码/FunCode/gameData/T2DProject/common/gameScripts/scriptDoc.cs.
Compiling C:/Users/27427/Desktop/-Funcode-/工程代码/FunCode/gameData/T2DProject/common/gameScripts/keybindings.cs...
Loading compiled script C:/Users/27427/Desktop/-Funcode-/工程代码/FunCode/gameData/T2DProject/common/gameScripts/keybindings.cs.
Compiling C:/Users/27427/Desktop/-Funcode-/工程代码/FunCode/gameData/T2DProject/common/gameScripts/options.cs...
Loading compiled script C:/Users/27427/Desktop/-Funcode-/工程代码/FunCode/gameData/T2DProject/common/gameScripts/options.cs.
Compiling C:/Users/27427/Desktop/-Funcode-/工程代码/FunCode/gameData/T2DProject/common/gameScripts/levelManagement.cs...
Loading compiled script C:/Users/27427/Desktop/-Funcode-/工程代码/FunCode/gameData/T2DProject/common/gameScripts/levelManagement.cs.
Compiling C:/Users/27427/Desktop/-Funcode-/工程代码/FunCode/gameData/T2DProject/common/gameScripts/projectManagement.cs...
Loading compiled script C:/Users/27427/Desktop/-Funcode-/工程代码/FunCode/gameData/T2DProject/common/gameScripts/projectManagement.cs.
Compiling C:/Users/27427/Desktop/-Funcode-/工程代码/FunCode/gameData/T2DProject/common/gameScripts/projectResources.cs...
Loading compiled script C:/Users/27427/Desktop/-Funcode-/工程代码/FunCode/gameData/T2DProject/common/gameScripts/projectResources.cs.
Compiling C:/Users/27427/Desktop/-Funcode-/工程代码/FunCode/gameData/T2DProject/common/gameScripts/align.cs...
Loading compiled script C:/Users/27427/Desktop/-Funcode-/工程代码/FunCode/gameData/T2DProject/common/gameScripts/align.cs.

FunCode (v1.7.5) initialized...
main.cs (0): Unable to find function initializeProject
Shutting down the OpenGL display device...
Making the GL rendering context not current...
Deleting the GL rendering context...
Releasing the device context...
