//-------------------------- 9/29/2024 -- 18:13:42 -----
Processor Init:
   Intel Pentium III, ~2.90 Ghz
     (timed at roughly 2.88 Ghz)
   FPU detected
   MMX detected
   SSE detected
 
Math Init:
   Installing Standard C extensions
   Installing Assembly extensions
   Installing FPU extensions
   Installing MMX extensions
   Installing SSE extensions
 
Input Init:
   DirectInput enabled.

Initializing chunk mappings...
   o 'TEXT' maps to TextChunk
   o 'SCHK' maps to UnknownChunk
   o 'SCHK' maps to SimChunk
Loading compiled script C:/Users/27427/Desktop/-Funcode-/工程代码/Games/影之界/ShadowWord/Bin/common/main.cs.
Loading compiled script C:/Users/27427/Desktop/-Funcode-/工程代码/Games/影之界/ShadowWord/Bin/game/main.cs.
 % - Initializing Common
Loading compiled script C:/Users/27427/Desktop/-Funcode-/工程代码/Games/影之界/ShadowWord/Bin/common/preferences/defaultPrefs.cs.
Reading Display Device information...
   Primary Display Device Found:
      Vendor Id: VEN_0000
      Device Id: DEV_0000

Using OpenGL rendering. Fullscreen: 0

Loading compiled script C:/Users/27427/Desktop/-Funcode-/工程代码/Games/影之界/ShadowWord/Bin/common/gameScripts/xml.cs.
Loading compiled script C:/Users/27427/Desktop/-Funcode-/工程代码/Games/影之界/ShadowWord/Bin/common/gameScripts/properties.cs.
Loading compiled script C:/Users/27427/Desktop/-Funcode-/工程代码/Games/影之界/ShadowWord/Bin/common/gameScripts/common.cs.
Loading compiled script C:/Users/27427/Desktop/-Funcode-/工程代码/Games/影之界/ShadowWord/Bin/common/gameScripts/audio.cs.
Loading compiled script C:/Users/27427/Desktop/-Funcode-/工程代码/Games/影之界/ShadowWord/Bin/common/gameScripts/canvas.cs.
Loading compiled script C:/Users/27427/Desktop/-Funcode-/工程代码/Games/影之界/ShadowWord/Bin/common/gameScripts/cursor.cs.
Video Init:
   Accelerated OpenGL display device detected.
   Accelerated D3D device not detected.
   Voodoo 2 display device not detected.

Activating the OpenGL display device...
Activating the OpenGL display device...
Setting screen mode to 320x320x32 (w)...
Creating a new window...
Acquiring a new device context...
Pixel format set:
  32 color bits, 24 depth bits, 8 stencil bits
Creating a new rendering context...
Making the new rendering context current...
OpenGL driver information:
  Vendor: Intel
  Renderer: Intel(R) Iris(R) Xe Graphics
  Version: 4.6.0 - Build 31.0.101.4146
OpenGL Init: Enabled Extensions
  ARB_multitexture (Max Texture Units: 8)
  EXT_blend_color
  EXT_blend_minmax
  EXT_compiled_vertex_array
  EXT_texture_env_combine
  EXT_packed_pixels
  EXT_fog_coord
  ARB_texture_compression
  EXT_texture_compression_s3tc
  3DFX_texture_compression_FXT1
  (ARB|EXT)_texture_env_add
  EXT_texture_filter_anisotropic (Max anisotropy: 16)
  WGL_EXT_swap_control
OpenGL Init: Disabled Extensions
  EXT_paletted_texture
  NV_vertex_array_range

Max Texture Size reported as: 16384
OpenGLDevice::setScreenMode -- can't switch to resolution larger than desktop in windowed mode!
Setting screen mode to 1600x1152x32 (w)...
OpenAL Driver Init:
   Vendor: Creative Labs Inc.
   Version: OpenAL 1.0
   Renderer: Software
   Extensions: EAX 2.0, EAX 3.0, EAX Unified, and EAX-AC3

Loading compiled script C:/Users/27427/Desktop/-Funcode-/工程代码/Games/影之界/ShadowWord/Bin/common/gui/profiles.cs.
Loading compiled script C:/Users/27427/Desktop/-Funcode-/工程代码/Games/影之界/ShadowWord/Bin/common/gui/cursors.cs.
Loading compiled script C:/Users/27427/Desktop/-Funcode-/工程代码/Games/影之界/ShadowWord/Bin/common/gui/messageBoxOk.gui.
Loading compiled script C:/Users/27427/Desktop/-Funcode-/工程代码/Games/影之界/ShadowWord/Bin/common/gui/messageBoxYesNo.gui.
Loading compiled script C:/Users/27427/Desktop/-Funcode-/工程代码/Games/影之界/ShadowWord/Bin/common/gui/messageBoxYesNoCancel.gui.
Loading compiled script C:/Users/27427/Desktop/-Funcode-/工程代码/Games/影之界/ShadowWord/Bin/common/gui/messageBoxOKCancel.gui.
Loading compiled script C:/Users/27427/Desktop/-Funcode-/工程代码/Games/影之界/ShadowWord/Bin/common/gui/messageBoxOKCancelDetailsDlg.gui.
Loading compiled script C:/Users/27427/Desktop/-Funcode-/工程代码/Games/影之界/ShadowWord/Bin/common/gui/messagePopup.gui.
Loading compiled script C:/Users/27427/Desktop/-Funcode-/工程代码/Games/影之界/ShadowWord/Bin/common/gui/options.gui.
Loading compiled script C:/Users/27427/Desktop/-Funcode-/工程代码/Games/影之界/ShadowWord/Bin/common/gui/remap.gui.
Loading compiled script C:/Users/27427/Desktop/-Funcode-/工程代码/Games/影之界/ShadowWord/Bin/common/gui/console.gui.
Loading compiled script C:/Users/27427/Desktop/-Funcode-/工程代码/Games/影之界/ShadowWord/Bin/common/gui/NetworkMenu.gui.
Loading compiled script C:/Users/27427/Desktop/-Funcode-/工程代码/Games/影之界/ShadowWord/Bin/common/gui/startServer.gui.
Loading compiled script C:/Users/27427/Desktop/-Funcode-/工程代码/Games/影之界/ShadowWord/Bin/common/gui/joinServer.gui.
Loading compiled script C:/Users/27427/Desktop/-Funcode-/工程代码/Games/影之界/ShadowWord/Bin/common/gui/waitingForServer.gui.
Loading compiled script C:/Users/27427/Desktop/-Funcode-/工程代码/Games/影之界/ShadowWord/Bin/common/gui/helpDlg.gui.
Loading compiled script C:/Users/27427/Desktop/-Funcode-/工程代码/Games/影之界/ShadowWord/Bin/common/gui/messageBox.cs.
Loading compiled script C:/Users/27427/Desktop/-Funcode-/工程代码/Games/影之界/ShadowWord/Bin/common/gui/help.cs.
Loading compiled script C:/Users/27427/Desktop/-Funcode-/工程代码/Games/影之界/ShadowWord/Bin/common/gui/chatGui.gui.
Loading compiled script C:/Users/27427/Desktop/-Funcode-/工程代码/Games/影之界/ShadowWord/Bin/common/gameScripts/screenshot.cs.
Loading compiled script C:/Users/27427/Desktop/-Funcode-/工程代码/Games/影之界/ShadowWord/Bin/common/gameScripts/metrics.cs.
Loading compiled script C:/Users/27427/Desktop/-Funcode-/工程代码/Games/影之界/ShadowWord/Bin/common/Gui/FrameOverlayGui.gui.
Loading compiled script C:/Users/27427/Desktop/-Funcode-/工程代码/Games/影之界/ShadowWord/Bin/common/gameScripts/scriptDoc.cs.
Loading compiled script C:/Users/27427/Desktop/-Funcode-/工程代码/Games/影之界/ShadowWord/Bin/common/gameScripts/keybindings.cs.
Loading compiled script C:/Users/27427/Desktop/-Funcode-/工程代码/Games/影之界/ShadowWord/Bin/common/gameScripts/options.cs.
Loading compiled script C:/Users/27427/Desktop/-Funcode-/工程代码/Games/影之界/ShadowWord/Bin/common/gameScripts/levelManagement.cs.
Loading compiled script C:/Users/27427/Desktop/-Funcode-/工程代码/Games/影之界/ShadowWord/Bin/common/gameScripts/projectManagement.cs.
Loading compiled script C:/Users/27427/Desktop/-Funcode-/工程代码/Games/影之界/ShadowWord/Bin/common/gameScripts/projectResources.cs.
Loading compiled script C:/Users/27427/Desktop/-Funcode-/工程代码/Games/影之界/ShadowWord/Bin/common/gameScripts/align.cs.

FunCode (v1.7.5) initialized...
Compiling C:/Users/27427/Desktop/-Funcode-/工程代码/Games/影之界/ShadowWord/Bin/game/managed/datablocks.cs...
Loading compiled script C:/Users/27427/Desktop/-Funcode-/工程代码/Games/影之界/ShadowWord/Bin/game/managed/datablocks.cs.
Loading compiled script C:/Users/27427/Desktop/-Funcode-/工程代码/Games/影之界/ShadowWord/Bin/game/managed/persistent.cs.
Loading compiled script C:/Users/27427/Desktop/-Funcode-/工程代码/Games/影之界/ShadowWord/Bin/game/managed/brushes.cs.
Loading compiled script C:/Users/27427/Desktop/-Funcode-/工程代码/Games/影之界/ShadowWord/Bin/game/gui/mainScreen.gui.
Loading compiled script C:/Users/27427/Desktop/-Funcode-/工程代码/Games/影之界/ShadowWord/Bin/game/gameScripts/game.cs.
Activating DirectInput...
DirectInput joystick failed to enable!
Compiling C:/Users/27427/Desktop/-Funcode-/工程代码/Games/影之界/ShadowWord/Bin/game/data/levels/Game8.t2d...
Loading compiled script C:/Users/27427/Desktop/-Funcode-/工程代码/Games/影之界/ShadowWord/Bin/game/data/levels/Game8.t2d.
t2dStaticSprite::setFrame() - Cannot set Frame without existing t2dImageMapDatablock Datablock!
t2dStaticSprite::setFrame() - Cannot set Frame without existing t2dImageMapDatablock Datablock!
Compiling C:/Users/27427/Desktop/-Funcode-/工程代码/Games/影之界/ShadowWord/Bin/game/data/levels/wellcome.t2d...
Loading compiled script C:/Users/27427/Desktop/-Funcode-/工程代码/Games/影之界/ShadowWord/Bin/game/data/levels/wellcome.t2d.
Setting screen mode to 1280x768x32 (w)...
Compiling C:/Users/27427/Desktop/-Funcode-/工程代码/Games/影之界/ShadowWord/Bin/game/data/levels/MainMenu.t2d...
Loading compiled script C:/Users/27427/Desktop/-Funcode-/工程代码/Games/影之界/ShadowWord/Bin/game/data/levels/MainMenu.t2d.
t2dAnimationController::playAnimation() - Invalid t2dAnimationDatablock datablock (Z_pugongAnimation1)
DirectInput deactivated.
Activating DirectInput...
Compiling C:/Users/27427/Desktop/-Funcode-/工程代码/Games/影之界/ShadowWord/Bin/game/data/levels/MapMenu.t2d...
Loading compiled script C:/Users/27427/Desktop/-Funcode-/工程代码/Games/影之界/ShadowWord/Bin/game/data/levels/MapMenu.t2d.
t2dStaticSprite::setFrame() - Cannot set Frame without existing t2dImageMapDatablock Datablock!
t2dStaticSprite::setFrame() - Cannot set Frame without existing t2dImageMapDatablock Datablock!
t2dStaticSprite::setFrame() - Cannot set Frame without existing t2dImageMapDatablock Datablock!
t2dStaticSprite::setFrame() - Cannot set Frame without existing t2dImageMapDatablock Datablock!
t2dStaticSprite::setFrame() - Cannot set Frame without existing t2dImageMapDatablock Datablock!
t2dStaticSprite::setFrame() - Cannot set Frame without existing t2dImageMapDatablock Datablock!
t2dStaticSprite::setFrame() - Cannot set Frame without existing t2dImageMapDatablock Datablock!
t2dStaticSprite::setFrame() - Cannot set Frame without existing t2dImageMapDatablock Datablock!
t2dStaticSprite::setFrame() - Cannot set Frame without existing t2dImageMapDatablock Datablock!
t2dStaticSprite::setFrame() - Cannot set Frame without existing t2dImageMapDatablock Datablock!
t2dStaticSprite::setFrame() - Cannot set Frame without existing t2dImageMapDatablock Datablock!
t2dStaticSprite::setFrame() - Cannot set Frame without existing t2dImageMapDatablock Datablock!
t2dStaticSprite::setFrame() - Cannot set Frame without existing t2dImageMapDatablock Datablock!
t2dStaticSprite::setFrame() - Cannot set Frame without existing t2dImageMapDatablock Datablock!
t2dStaticSprite::setFrame() - Cannot set Frame without existing t2dImageMapDatablock Datablock!
t2dStaticSprite::setFrame() - Cannot set Frame without existing t2dImageMapDatablock Datablock!
t2dStaticSprite::setFrame() - Cannot set Frame without existing t2dImageMapDatablock Datablock!
t2dStaticSprite::setFrame() - Cannot set Frame without existing t2dImageMapDatablock Datablock!
t2dStaticSprite::setFrame() - Cannot set Frame without existing t2dImageMapDatablock Datablock!
t2dStaticSprite::setFrame() - Cannot set Frame without existing t2dImageMapDatablock Datablock!
t2dStaticSprite::setFrame() - Cannot set Frame without existing t2dImageMapDatablock Datablock!
t2dStaticSprite::setFrame() - Cannot set Frame without existing t2dImageMapDatablock Datablock!
t2dStaticSprite::setFrame() - Cannot set Frame without existing t2dImageMapDatablock Datablock!
t2dStaticSprite::setFrame() - Cannot set Frame without existing t2dImageMapDatablock Datablock!
Compiling C:/Users/27427/Desktop/-Funcode-/工程代码/Games/影之界/ShadowWord/Bin/game/data/levels/Game8.t2d...
Loading compiled script C:/Users/27427/Desktop/-Funcode-/工程代码/Games/影之界/ShadowWord/Bin/game/data/levels/Game8.t2d.
t2dStaticSprite::setFrame() - Cannot set Frame without existing t2dImageMapDatablock Datablock!
t2dStaticSprite::setFrame() - Cannot set Frame without existing t2dImageMapDatablock Datablock!
t2dSceneGraph::addToScene() - Object '2217' is already in a SceneGraph!.
t2dSceneGraph::addToScene() - Object '2218' is already in a SceneGraph!.
t2dSceneGraph::addToScene() - Object '2219' is already in a SceneGraph!.
t2dSceneGraph::addToScene() - Object '2220' is already in a SceneGraph!.
t2dSceneGraph::addToScene() - Object '2221' is already in a SceneGraph!.
t2dSceneGraph::addToScene() - Object '2222' is already in a SceneGraph!.
t2dSceneGraph::addToScene() - Object '2223' is already in a SceneGraph!.
t2dSceneGraph::addToScene() - Object '2224' is already in a SceneGraph!.
t2dSceneGraph::addToScene() - Object '2225' is already in a SceneGraph!.
t2dSceneGraph::addToScene() - Object '2226' is already in a SceneGraph!.
t2dSceneGraph::addToScene() - Object '2227' is already in a SceneGraph!.
t2dSceneGraph::addToScene() - Object '2228' is already in a SceneGraph!.
t2dSceneGraph::addToScene() - Object '2229' is already in a SceneGraph!.
t2dSceneGraph::addToScene() - Object '2230' is already in a SceneGraph!.
t2dSceneGraph::addToScene() - Object '2231' is already in a SceneGraph!.
t2dSceneGraph::addToScene() - Object '2232' is already in a SceneGraph!.
t2dSceneGraph::addToScene() - Object '2233' is already in a SceneGraph!.
t2dSceneGraph::addToScene() - Object '2234' is already in a SceneGraph!.
t2dSceneGraph::addToScene() - Object '2235' is already in a SceneGraph!.
t2dSceneGraph::addToScene() - Object '2236' is already in a SceneGraph!.
t2dSceneGraph::addToScene() - Object '2237' is already in a SceneGraph!.
t2dSceneGraph::addToScene() - Object '2238' is already in a SceneGraph!.
t2dSceneGraph::addToScene() - Object '2239' is already in a SceneGraph!.
t2dSceneGraph::addToScene() - Object '2240' is already in a SceneGraph!.
t2dSceneGraph::addToScene() - Object '2241' is already in a SceneGraph!.
t2dSceneGraph::addToScene() - Object '2242' is already in a SceneGraph!.
t2dSceneGraph::addToScene() - Object '2243' is already in a SceneGraph!.
t2dSceneGraph::addToScene() - Object '2244' is already in a SceneGraph!.
t2dSceneGraph::addToScene() - Object '2245' is already in a SceneGraph!.
t2dSceneGraph::addToScene() - Object '2246' is already in a SceneGraph!.
t2dSceneGraph::addToScene() - Object '2247' is already in a SceneGraph!.
t2dSceneGraph::addToScene() - Object '2248' is already in a SceneGraph!.
t2dSceneGraph::addToScene() - Object '2249' is already in a SceneGraph!.
t2dSceneGraph::addToScene() - Object '2250' is already in a SceneGraph!.
t2dSceneGraph::addToScene() - Object '2251' is already in a SceneGraph!.
t2dSceneGraph::addToScene() - Object '2252' is already in a SceneGraph!.
t2dSceneGraph::addToScene() - Object '2253' is already in a SceneGraph!.
t2dSceneGraph::addToScene() - Object '2254' is already in a SceneGraph!.
t2dSceneGraph::addToScene() - Object '2255' is already in a SceneGraph!.
t2dSceneGraph::addToScene() - Object '2256' is already in a SceneGraph!.
t2dSceneGraph::addToScene() - Object '2257' is already in a SceneGraph!.
t2dSceneGraph::addToScene() - Object '2258' is already in a SceneGraph!.
t2dSceneGraph::addToScene() - Object '2259' is already in a SceneGraph!.
t2dSceneGraph::addToScene() - Object '2260' is already in a SceneGraph!.
t2dSceneGraph::addToScene() - Object '2261' is already in a SceneGraph!.
t2dSceneGraph::addToScene() - Object '2262' is already in a SceneGraph!.
t2dSceneGraph::addToScene() - Object '2263' is already in a SceneGraph!.
t2dSceneGraph::addToScene() - Object '2264' is already in a SceneGraph!.
t2dSceneGraph::addToScene() - Object '2265' is already in a SceneGraph!.
t2dSceneGraph::addToScene() - Object '2266' is already in a SceneGraph!.
t2dSceneGraph::addToScene() - Object '2267' is already in a SceneGraph!.
t2dSceneGraph::addToScene() - Object '2268' is already in a SceneGraph!.
t2dSceneGraph::addToScene() - Object '2269' is already in a SceneGraph!.
t2dSceneGraph::addToScene() - Object '2270' is already in a SceneGraph!.
t2dSceneGraph::addToScene() - Object '2271' is already in a SceneGraph!.
t2dSceneGraph::addToScene() - Object '2272' is already in a SceneGraph!.
t2dSceneGraph::addToScene() - Object '2273' is already in a SceneGraph!.
t2dSceneGraph::addToScene() - Object '2274' is already in a SceneGraph!.
t2dSceneGraph::addToScene() - Object '2275' is already in a SceneGraph!.
t2dSceneGraph::addToScene() - Object '2276' is already in a SceneGraph!.
t2dSceneGraph::addToScene() - Object '2277' is already in a SceneGraph!.
t2dSceneGraph::addToScene() - Object '2278' is already in a SceneGraph!.
t2dSceneGraph::addToScene() - Object '2279' is already in a SceneGraph!.
t2dSceneGraph::addToScene() - Object '2280' is already in a SceneGraph!.
t2dSceneGraph::addToScene() - Object '2281' is already in a SceneGraph!.
t2dSceneGraph::addToScene() - Object '2282' is already in a SceneGraph!.
t2dSceneGraph::addToScene() - Object '2283' is already in a SceneGraph!.
t2dStaticSprite::setFrame() - Cannot set Frame without existing t2dImageMapDatablock Datablock!
t2dSceneGraph::addToScene() - Object '2284' is already in a SceneGraph!.
t2dStaticSprite::setFrame() - Cannot set Frame without existing t2dImageMapDatablock Datablock!
t2dSceneGraph::addToScene() - Object '2285' is already in a SceneGraph!.
t2dStaticSprite::setFrame() - Cannot set Frame without existing t2dImageMapDatablock Datablock!
t2dSceneGraph::addToScene() - Object '2286' is already in a SceneGraph!.
t2dStaticSprite::setFrame() - Cannot set Frame without existing t2dImageMapDatablock Datablock!
t2dStaticSprite::setFrame() - Cannot set Frame without existing t2dImageMapDatablock Datablock!
t2dStaticSprite::setFrame() - Cannot set Frame without existing t2dImageMapDatablock Datablock!
t2dSceneGraph::addToScene() - Object '2287' is already in a SceneGraph!.
t2dSceneGraph::addToScene() - Object '2288' is already in a SceneGraph!.
t2dSceneGraph::addToScene() - Object '2289' is already in a SceneGraph!.
t2dSceneGraph::addToScene() - Object '2290' is already in a SceneGraph!.
t2dSceneGraph::addToScene() - Object '2291' is already in a SceneGraph!.
t2dSceneGraph::addToScene() - Object '2292' is already in a SceneGraph!.
t2dSceneGraph::addToScene() - Object '2293' is already in a SceneGraph!.
t2dSceneGraph::addToScene() - Object '2294' is already in a SceneGraph!.
t2dSceneGraph::addToScene() - Object '2295' is already in a SceneGraph!.
t2dSceneGraph::addToScene() - Object '2296' is already in a SceneGraph!.
t2dSceneGraph::addToScene() - Object '2297' is already in a SceneGraph!.
t2dSceneGraph::addToScene() - Object '2298' is already in a SceneGraph!.
t2dSceneGraph::addToScene() - Object '2299' is already in a SceneGraph!.
t2dSceneGraph::addToScene() - Object '2300' is already in a SceneGraph!.
t2dSceneGraph::addToScene() - Object '2301' is already in a SceneGraph!.
t2dStaticSprite::setFrame() - Cannot set Frame without existing t2dImageMapDatablock Datablock!
t2dSceneGraph::addToScene() - Object '2302' is already in a SceneGraph!.
t2dStaticSprite::setFrame() - Cannot set Frame without existing t2dImageMapDatablock Datablock!
t2dSceneGraph::addToScene() - Object '2303' is already in a SceneGraph!.
t2dStaticSprite::setFrame() - Cannot set Frame without existing t2dImageMapDatablock Datablock!
t2dStaticSprite::setFrame() - Cannot set Frame without existing t2dImageMapDatablock Datablock!
t2dSceneGraph::addToScene() - Object '2304' is already in a SceneGraph!.
t2dSceneGraph::addToScene() - Object '2305' is already in a SceneGraph!.
t2dSceneGraph::addToScene() - Object '2306' is already in a SceneGraph!.
t2dSceneGraph::addToScene() - Object '2307' is already in a SceneGraph!.
t2dSceneGraph::addToScene() - Object '2308' is already in a SceneGraph!.
t2dSceneGraph::addToScene() - Object '2309' is already in a SceneGraph!.
t2dSceneGraph::addToScene() - Object '2310' is already in a SceneGraph!.
t2dSceneGraph::addToScene() - Object '2311' is already in a SceneGraph!.
t2dSceneGraph::addToScene() - Object '2312' is already in a SceneGraph!.
t2dSceneGraph::addToScene() - Object '2313' is already in a SceneGraph!.
t2dStaticSprite::setFrame() - Cannot set Frame without existing t2dImageMapDatablock Datablock!
t2dSceneGraph::addToScene() - Object '2314' is already in a SceneGraph!.
t2dStaticSprite::setFrame() - Cannot set Frame without existing t2dImageMapDatablock Datablock!
t2dSceneGraph::addToScene() - Object '2315' is already in a SceneGraph!.
t2dStaticSprite::setFrame() - Cannot set Frame without existing t2dImageMapDatablock Datablock!
t2dStaticSprite::setFrame() - Cannot set Frame without existing t2dImageMapDatablock Datablock!
t2dSceneGraph::addToScene() - Object '2316' is already in a SceneGraph!.
t2dSceneGraph::addToScene() - Object '2317' is already in a SceneGraph!.
t2dSceneGraph::addToScene() - Object '2318' is already in a SceneGraph!.
t2dSceneGraph::addToScene() - Object '2319' is already in a SceneGraph!.
t2dSceneGraph::addToScene() - Object '2320' is already in a SceneGraph!.
t2dSceneGraph::addToScene() - Object '2321' is already in a SceneGraph!.
t2dSceneGraph::addToScene() - Object '2322' is already in a SceneGraph!.
t2dSceneGraph::addToScene() - Object '2323' is already in a SceneGraph!.
t2dSceneGraph::addToScene() - Object '2324' is already in a SceneGraph!.
t2dSceneGraph::addToScene() - Object '2325' is already in a SceneGraph!.
t2dSceneGraph::addToScene() - Object '2326' is already in a SceneGraph!.
t2dSceneGraph::addToScene() - Object '2327' is already in a SceneGraph!.
t2dSceneGraph::addToScene() - Object '2328' is already in a SceneGraph!.
DirectInput deactivated.
Shutting down the OpenGL display device...
Making the GL rendering context not current...
Deleting the GL rendering context...
Releasing the device context...
