C:\USERS\27427\DESKTOP\-FUNCODE-\工程代码\GAMES\凡王之血\BAOZANG\SOURCECODE\VCPROJECT2012\VCPROJECT2012\DEBUG\LESSONX.OBJ
C:\USERS\27427\DESKTOP\-FUNCODE-\工程代码\GAMES\凡王之血\BAOZANG\SOURCECODE\VCPROJECT2012\VCPROJECT2012\DEBUG\MAIN.OBJ
C:\USERS\27427\DESKTOP\-FUNCODE-\工程代码\GAMES\凡王之血\BAOZANG\SOURCECODE\VCPROJECT2012\VCPROJECT2012\DEBUG\VC110.PDB
C:\USERS\27427\DESKTOP\-FUNCODE-\工程代码\GAMES\凡王之血\BAOZANG\BIN\GAME.EXE
C:\USERS\27427\DESKTOP\-FUNCODE-\工程代码\GAMES\凡王之血\BAOZANG\SOURCECODE\VCPROJECT2012\VCPROJECT2012\DEBUG\GAME.PDB
C:\USERS\27427\DESKTOP\-FUNCODE-\工程代码\GAMES\凡王之血\BAOZANG\SOURCECODE\VCPROJECT2012\VCPROJECT2012\DEBUG\VCPROJECT2012.RES
C:\Users\27427\Desktop\-Funcode-\工程代码\Games\凡王之血\baozang\SourceCode\VCProject2012\VCProject2012\Debug\LessonX.obj
C:\Users\27427\Desktop\-Funcode-\工程代码\Games\凡王之血\baozang\SourceCode\VCProject2012\VCProject2012\Debug\Main.obj
C:\Users\27427\Desktop\-Funcode-\工程代码\Games\凡王之血\baozang\SourceCode\VCProject2012\VCProject2012\Debug\cl.command.1.tlog
C:\Users\27427\Desktop\-Funcode-\工程代码\Games\凡王之血\baozang\SourceCode\VCProject2012\VCProject2012\Debug\CL.read.1.tlog
C:\Users\27427\Desktop\-Funcode-\工程代码\Games\凡王之血\baozang\SourceCode\VCProject2012\VCProject2012\Debug\CL.write.1.tlog
C:\Users\27427\Desktop\-Funcode-\工程代码\Games\凡王之血\baozang\SourceCode\VCProject2012\VCProject2012\Debug\link-cvtres.read.1.tlog
C:\Users\27427\Desktop\-Funcode-\工程代码\Games\凡王之血\baozang\SourceCode\VCProject2012\VCProject2012\Debug\link-cvtres.write.1.tlog
C:\Users\27427\Desktop\-Funcode-\工程代码\Games\凡王之血\baozang\SourceCode\VCProject2012\VCProject2012\Debug\link.command.1.tlog
C:\Users\27427\Desktop\-Funcode-\工程代码\Games\凡王之血\baozang\SourceCode\VCProject2012\VCProject2012\Debug\link.read.1.tlog
C:\Users\27427\Desktop\-Funcode-\工程代码\Games\凡王之血\baozang\SourceCode\VCProject2012\VCProject2012\Debug\link.write.1.tlog
C:\Users\27427\Desktop\-Funcode-\工程代码\Games\凡王之血\baozang\SourceCode\VCProject2012\VCProject2012\Debug\rc.command.1.tlog
C:\Users\27427\Desktop\-Funcode-\工程代码\Games\凡王之血\baozang\SourceCode\VCProject2012\VCProject2012\Debug\rc.read.1.tlog
C:\Users\27427\Desktop\-Funcode-\工程代码\Games\凡王之血\baozang\SourceCode\VCProject2012\VCProject2012\Debug\rc.write.1.tlog
C:\Users\27427\Desktop\-Funcode-\工程代码\Games\凡王之血\baozang\SourceCode\VCProject2012\VCProject2012\Debug\VCProject2012.res
C:\Users\27427\Desktop\-Funcode-\工程代码\Games\凡王之血\baozang\SourceCode\VCProject2012\VCProject2012\Debug\vc110.idb
C:\Users\27427\Desktop\-Funcode-\工程代码\Games\凡王之血\baozang\SourceCode\VCProject2012\VCProject2012\Debug\Game.pdb
C:\Users\27427\Desktop\-Funcode-\工程代码\Games\凡王之血\baozang\SourceCode\VCProject2012\VCProject2012\Debug\vc110.pdb
C:\Users\27427\Desktop\-Funcode-\工程代码\Games\凡王之血\baozang\SourceCode\VCProject2012\VCProject2012\..\..\..\Bin\Game.exe
