生成启动时间为 2024/9/29 18:03:25。
项目“C:\Users\27427\Desktop\-Funcode-\工程代码\Games\影之界\ShadowWord\SourceCode\VCProject2012\VCProject2012\VCProject2012.vcxproj”在节点 2 上(Build 个目标)。
ClCompile:
  D:\VS012\VC\bin\CL.exe /c /I../../ /I../../Header /ZI /nologo /W3 /WX- /Od /Oy- /D WIN32 /D _DEBUG /D _WINDOWS /Gm /EHsc /RTC1 /MDd /GS /fp:precise /Zc:wchar_t /Zc:forScope /Fo"Debug\\" /Fd"Debug\vc110.pdb" /Gd /TP /analyze- /errorReport:prompt ..\..\Src\LessonX.cpp
  LessonX.cpp
c:\users\27427\desktop\-funcode-\工程代码\games\影之界\shadowword\sourcecode\src\lessonx.cpp(47): warning C4305: “初始化”: 从“double”到“float”截断
c:\users\27427\desktop\-funcode-\工程代码\games\影之界\shadowword\sourcecode\src\lessonx.cpp(118): warning C4244: “初始化”: 从“double”转换到“float”，可能丢失数据
c:\users\27427\desktop\-funcode-\工程代码\games\影之界\shadowword\sourcecode\src\lessonx.cpp(121): warning C4305: “初始化”: 从“double”到“float”截断
c:\users\27427\desktop\-funcode-\工程代码\games\影之界\shadowword\sourcecode\src\lessonx.cpp(176): warning C4305: “初始化”: 从“double”到“float”截断
c:\users\27427\desktop\-funcode-\工程代码\games\影之界\shadowword\sourcecode\src\lessonx.cpp(192): warning C4305: “初始化”: 从“double”到“float”截断
c:\users\27427\desktop\-funcode-\工程代码\games\影之界\shadowword\sourcecode\src\lessonx.cpp(356): warning C4244: “参数”: 从“int”转换到“const float”，可能丢失数据
c:\users\27427\desktop\-funcode-\工程代码\games\影之界\shadowword\sourcecode\src\lessonx.cpp(803): warning C4244: “参数”: 从“double”转换到“const float”，可能丢失数据
c:\users\27427\desktop\-funcode-\工程代码\games\影之界\shadowword\sourcecode\src\lessonx.cpp(822): warning C4244: “参数”: 从“double”转换到“const float”，可能丢失数据
c:\users\27427\desktop\-funcode-\工程代码\games\影之界\shadowword\sourcecode\src\lessonx.cpp(841): warning C4244: “参数”: 从“double”转换到“const float”，可能丢失数据
c:\users\27427\desktop\-funcode-\工程代码\games\影之界\shadowword\sourcecode\src\lessonx.cpp(860): warning C4244: “参数”: 从“double”转换到“const float”，可能丢失数据
c:\users\27427\desktop\-funcode-\工程代码\games\影之界\shadowword\sourcecode\src\lessonx.cpp(879): warning C4244: “参数”: 从“double”转换到“const float”，可能丢失数据
c:\users\27427\desktop\-funcode-\工程代码\games\影之界\shadowword\sourcecode\src\lessonx.cpp(898): warning C4244: “参数”: 从“double”转换到“const float”，可能丢失数据
c:\users\27427\desktop\-funcode-\工程代码\games\影之界\shadowword\sourcecode\src\lessonx.cpp(917): warning C4244: “参数”: 从“double”转换到“const float”，可能丢失数据
c:\users\27427\desktop\-funcode-\工程代码\games\影之界\shadowword\sourcecode\src\lessonx.cpp(936): warning C4244: “参数”: 从“double”转换到“const float”，可能丢失数据
c:\users\27427\desktop\-funcode-\工程代码\games\影之界\shadowword\sourcecode\src\lessonx.cpp(978): warning C4244: “参数”: 从“double”转换到“const float”，可能丢失数据
c:\users\27427\desktop\-funcode-\工程代码\games\影之界\shadowword\sourcecode\src\lessonx.cpp(1379): warning C4244: “=”: 从“double”转换到“float”，可能丢失数据
c:\users\27427\desktop\-funcode-\工程代码\games\影之界\shadowword\sourcecode\src\lessonx.cpp(1476): warning C4244: “参数”: 从“double”转换到“const float”，可能丢失数据
c:\users\27427\desktop\-funcode-\工程代码\games\影之界\shadowword\sourcecode\src\lessonx.cpp(1486): warning C4244: “参数”: 从“double”转换到“const float”，可能丢失数据
c:\users\27427\desktop\-funcode-\工程代码\games\影之界\shadowword\sourcecode\src\lessonx.cpp(1496): warning C4244: “参数”: 从“double”转换到“const float”，可能丢失数据
c:\users\27427\desktop\-funcode-\工程代码\games\影之界\shadowword\sourcecode\src\lessonx.cpp(1510): warning C4244: “参数”: 从“double”转换到“const float”，可能丢失数据
c:\users\27427\desktop\-funcode-\工程代码\games\影之界\shadowword\sourcecode\src\lessonx.cpp(1989): warning C4244: “参数”: 从“int”转换到“const float”，可能丢失数据
c:\users\27427\desktop\-funcode-\工程代码\games\影之界\shadowword\sourcecode\src\lessonx.cpp(2161): warning C4244: “参数”: 从“double”转换到“int”，可能丢失数据
c:\users\27427\desktop\-funcode-\工程代码\games\影之界\shadowword\sourcecode\src\lessonx.cpp(2170): warning C4244: “参数”: 从“double”转换到“int”，可能丢失数据
c:\users\27427\desktop\-funcode-\工程代码\games\影之界\shadowword\sourcecode\src\lessonx.cpp(2185): warning C4244: “参数”: 从“float”转换到“const int”，可能丢失数据
c:\users\27427\desktop\-funcode-\工程代码\games\影之界\shadowword\sourcecode\src\lessonx.cpp(2219): warning C4244: “参数”: 从“float”转换到“const int”，可能丢失数据
c:\users\27427\desktop\-funcode-\工程代码\games\影之界\shadowword\sourcecode\src\lessonx.cpp(2434): warning C4996: 'freopen': This function or variable may be unsafe. Consider using freopen_s instead. To disable deprecation, use _CRT_SECURE_NO_WARNINGS. See online help for details.
          d:\vs012\vc\include\stdio.h(233) : 参见“freopen”的声明
c:\users\27427\desktop\-funcode-\工程代码\games\影之界\shadowword\sourcecode\src\lessonx.cpp(2447): warning C4996: 'fopen': This function or variable may be unsafe. Consider using fopen_s instead. To disable deprecation, use _CRT_SECURE_NO_WARNINGS. See online help for details.
          d:\vs012\vc\include\stdio.h(218) : 参见“fopen”的声明
c:\users\27427\desktop\-funcode-\工程代码\games\影之界\shadowword\sourcecode\src\lessonx.cpp(2450): warning C4996: 'fscanf': This function or variable may be unsafe. Consider using fscanf_s instead. To disable deprecation, use _CRT_SECURE_NO_WARNINGS. See online help for details.
          d:\vs012\vc\include\stdio.h(237) : 参见“fscanf”的声明
c:\users\27427\desktop\-funcode-\工程代码\games\影之界\shadowword\sourcecode\src\lessonx.cpp(2465): warning C4244: “参数”: 从“int”转换到“const float”，可能丢失数据
c:\users\27427\desktop\-funcode-\工程代码\games\影之界\shadowword\sourcecode\src\lessonx.cpp(2471): warning C4305: “参数”: 从“double”到“const float”截断
c:\users\27427\desktop\-funcode-\工程代码\games\影之界\shadowword\sourcecode\src\lessonx.cpp(2489): warning C4244: “参数”: 从“int”转换到“const float”，可能丢失数据
c:\users\27427\desktop\-funcode-\工程代码\games\影之界\shadowword\sourcecode\src\lessonx.cpp(2495): warning C4305: “参数”: 从“double”到“const float”截断
c:\users\27427\desktop\-funcode-\工程代码\games\影之界\shadowword\sourcecode\src\lessonx.cpp(2548): warning C4244: “参数”: 从“int”转换到“const float”，可能丢失数据
c:\users\27427\desktop\-funcode-\工程代码\games\影之界\shadowword\sourcecode\src\lessonx.cpp(2560): warning C4244: “参数”: 从“int”转换到“const float”，可能丢失数据
c:\users\27427\desktop\-funcode-\工程代码\games\影之界\shadowword\sourcecode\src\lessonx.cpp(2583): warning C4244: “参数”: 从“int”转换到“const float”，可能丢失数据
c:\users\27427\desktop\-funcode-\工程代码\games\影之界\shadowword\sourcecode\src\lessonx.cpp(2595): warning C4244: “参数”: 从“int”转换到“const float”，可能丢失数据
c:\users\27427\desktop\-funcode-\工程代码\games\影之界\shadowword\sourcecode\src\lessonx.cpp(2608): warning C4244: “参数”: 从“int”转换到“const float”，可能丢失数据
c:\users\27427\desktop\-funcode-\工程代码\games\影之界\shadowword\sourcecode\src\lessonx.cpp(2620): warning C4244: “参数”: 从“int”转换到“const float”，可能丢失数据
c:\users\27427\desktop\-funcode-\工程代码\games\影之界\shadowword\sourcecode\src\lessonx.cpp(2637): warning C4996: 'strcpy': This function or variable may be unsafe. Consider using strcpy_s instead. To disable deprecation, use _CRT_SECURE_NO_WARNINGS. See online help for details.
          d:\vs012\vc\include\string.h(110) : 参见“strcpy”的声明
c:\users\27427\desktop\-funcode-\工程代码\games\影之界\shadowword\sourcecode\src\lessonx.cpp(2638): warning C4996: 'strcat': This function or variable may be unsafe. Consider using strcat_s instead. To disable deprecation, use _CRT_SECURE_NO_WARNINGS. See online help for details.
          d:\vs012\vc\include\string.h(115) : 参见“strcat”的声明
c:\users\27427\desktop\-funcode-\工程代码\games\影之界\shadowword\sourcecode\src\lessonx.cpp(2644): warning C4305: “参数”: 从“double”到“const float”截断
c:\users\27427\desktop\-funcode-\工程代码\games\影之界\shadowword\sourcecode\src\lessonx.cpp(2657): warning C4996: 'strcpy': This function or variable may be unsafe. Consider using strcpy_s instead. To disable deprecation, use _CRT_SECURE_NO_WARNINGS. See online help for details.
          d:\vs012\vc\include\string.h(110) : 参见“strcpy”的声明
c:\users\27427\desktop\-funcode-\工程代码\games\影之界\shadowword\sourcecode\src\lessonx.cpp(2658): warning C4996: 'strcat': This function or variable may be unsafe. Consider using strcat_s instead. To disable deprecation, use _CRT_SECURE_NO_WARNINGS. See online help for details.
          d:\vs012\vc\include\string.h(115) : 参见“strcat”的声明
c:\users\27427\desktop\-funcode-\工程代码\games\影之界\shadowword\sourcecode\src\lessonx.cpp(2665): warning C4305: “参数”: 从“double”到“const float”截断
c:\users\27427\desktop\-funcode-\工程代码\games\影之界\shadowword\sourcecode\src\lessonx.cpp(2707): warning C4244: “初始化”: 从“int”转换到“float”，可能丢失数据
c:\users\27427\desktop\-funcode-\工程代码\games\影之界\shadowword\sourcecode\src\lessonx.cpp(2709): warning C4244: “=”: 从“float”转换到“int”，可能丢失数据
c:\users\27427\desktop\-funcode-\工程代码\games\影之界\shadowword\sourcecode\src\lessonx.cpp(2781): warning C4305: “参数”: 从“double”到“const float”截断
c:\users\27427\desktop\-funcode-\工程代码\games\影之界\shadowword\sourcecode\src\lessonx.cpp(2962): warning C4244: “=”: 从“double”转换到“float”，可能丢失数据
c:\users\27427\desktop\-funcode-\工程代码\games\影之界\shadowword\sourcecode\src\lessonx.cpp(2979): warning C4305: “参数”: 从“double”到“const float”截断
c:\users\27427\desktop\-funcode-\工程代码\games\影之界\shadowword\sourcecode\src\lessonx.cpp(3088): warning C4305: “参数”: 从“double”到“const float”截断
c:\users\27427\desktop\-funcode-\工程代码\games\影之界\shadowword\sourcecode\src\lessonx.cpp(3099): warning C4305: “参数”: 从“double”到“const float”截断
c:\users\27427\desktop\-funcode-\工程代码\games\影之界\shadowword\sourcecode\src\lessonx.cpp(3163): warning C4305: “参数”: 从“double”到“const float”截断
c:\users\27427\desktop\-funcode-\工程代码\games\影之界\shadowword\sourcecode\src\lessonx.cpp(3240): warning C4244: “=”: 从“double”转换到“int”，可能丢失数据
c:\users\27427\desktop\-funcode-\工程代码\games\影之界\shadowword\sourcecode\src\lessonx.cpp(3268): warning C4244: “参数”: 从“int”转换到“const float”，可能丢失数据
c:\users\27427\desktop\-funcode-\工程代码\games\影之界\shadowword\sourcecode\src\lessonx.cpp(3275): warning C4244: “参数”: 从“int”转换到“const float”，可能丢失数据
c:\users\27427\desktop\-funcode-\工程代码\games\影之界\shadowword\sourcecode\src\lessonx.cpp(3309): warning C4996: 'strcpy': This function or variable may be unsafe. Consider using strcpy_s instead. To disable deprecation, use _CRT_SECURE_NO_WARNINGS. See online help for details.
          d:\vs012\vc\include\string.h(110) : 参见“strcpy”的声明
c:\users\27427\desktop\-funcode-\工程代码\games\影之界\shadowword\sourcecode\src\lessonx.cpp(3310): warning C4996: 'strcat': This function or variable may be unsafe. Consider using strcat_s instead. To disable deprecation, use _CRT_SECURE_NO_WARNINGS. See online help for details.
          d:\vs012\vc\include\string.h(115) : 参见“strcat”的声明
c:\users\27427\desktop\-funcode-\工程代码\games\影之界\shadowword\sourcecode\src\lessonx.cpp(3321): warning C4244: “参数”: 从“int”转换到“const float”，可能丢失数据
c:\users\27427\desktop\-funcode-\工程代码\games\影之界\shadowword\sourcecode\src\lessonx.cpp(3327): warning C4244: “参数”: 从“int”转换到“const float”，可能丢失数据
c:\users\27427\desktop\-funcode-\工程代码\games\影之界\shadowword\sourcecode\src\lessonx.cpp(3329): warning C4305: “参数”: 从“double”到“const float”截断
c:\users\27427\desktop\-funcode-\工程代码\games\影之界\shadowword\sourcecode\src\lessonx.cpp(3340): warning C4996: 'strcpy': This function or variable may be unsafe. Consider using strcpy_s instead. To disable deprecation, use _CRT_SECURE_NO_WARNINGS. See online help for details.
          d:\vs012\vc\include\string.h(110) : 参见“strcpy”的声明
c:\users\27427\desktop\-funcode-\工程代码\games\影之界\shadowword\sourcecode\src\lessonx.cpp(3341): warning C4996: 'strcat': This function or variable may be unsafe. Consider using strcat_s instead. To disable deprecation, use _CRT_SECURE_NO_WARNINGS. See online help for details.
          d:\vs012\vc\include\string.h(115) : 参见“strcat”的声明
c:\users\27427\desktop\-funcode-\工程代码\games\影之界\shadowword\sourcecode\src\lessonx.cpp(3352): warning C4244: “参数”: 从“int”转换到“const float”，可能丢失数据
c:\users\27427\desktop\-funcode-\工程代码\games\影之界\shadowword\sourcecode\src\lessonx.cpp(3358): warning C4244: “参数”: 从“int”转换到“const float”，可能丢失数据
c:\users\27427\desktop\-funcode-\工程代码\games\影之界\shadowword\sourcecode\src\lessonx.cpp(3360): warning C4305: “参数”: 从“double”到“const float”截断
c:\users\27427\desktop\-funcode-\工程代码\games\影之界\shadowword\sourcecode\src\lessonx.cpp(3371): warning C4996: 'strcpy': This function or variable may be unsafe. Consider using strcpy_s instead. To disable deprecation, use _CRT_SECURE_NO_WARNINGS. See online help for details.
          d:\vs012\vc\include\string.h(110) : 参见“strcpy”的声明
c:\users\27427\desktop\-funcode-\工程代码\games\影之界\shadowword\sourcecode\src\lessonx.cpp(3372): warning C4996: 'strcat': This function or variable may be unsafe. Consider using strcat_s instead. To disable deprecation, use _CRT_SECURE_NO_WARNINGS. See online help for details.
          d:\vs012\vc\include\string.h(115) : 参见“strcat”的声明
c:\users\27427\desktop\-funcode-\工程代码\games\影之界\shadowword\sourcecode\src\lessonx.cpp(3383): warning C4244: “参数”: 从“int”转换到“const float”，可能丢失数据
c:\users\27427\desktop\-funcode-\工程代码\games\影之界\shadowword\sourcecode\src\lessonx.cpp(3389): warning C4244: “参数”: 从“int”转换到“const float”，可能丢失数据
c:\users\27427\desktop\-funcode-\工程代码\games\影之界\shadowword\sourcecode\src\lessonx.cpp(3391): warning C4305: “参数”: 从“double”到“const float”截断
c:\users\27427\desktop\-funcode-\工程代码\games\影之界\shadowword\sourcecode\src\lessonx.cpp(3402): warning C4996: 'strcpy': This function or variable may be unsafe. Consider using strcpy_s instead. To disable deprecation, use _CRT_SECURE_NO_WARNINGS. See online help for details.
          d:\vs012\vc\include\string.h(110) : 参见“strcpy”的声明
c:\users\27427\desktop\-funcode-\工程代码\games\影之界\shadowword\sourcecode\src\lessonx.cpp(3403): warning C4996: 'strcat': This function or variable may be unsafe. Consider using strcat_s instead. To disable deprecation, use _CRT_SECURE_NO_WARNINGS. See online help for details.
          d:\vs012\vc\include\string.h(115) : 参见“strcat”的声明
c:\users\27427\desktop\-funcode-\工程代码\games\影之界\shadowword\sourcecode\src\lessonx.cpp(3414): warning C4244: “参数”: 从“int”转换到“const float”，可能丢失数据
c:\users\27427\desktop\-funcode-\工程代码\games\影之界\shadowword\sourcecode\src\lessonx.cpp(3420): warning C4244: “参数”: 从“int”转换到“const float”，可能丢失数据
c:\users\27427\desktop\-funcode-\工程代码\games\影之界\shadowword\sourcecode\src\lessonx.cpp(3422): warning C4305: “参数”: 从“double”到“const float”截断
c:\users\27427\desktop\-funcode-\工程代码\games\影之界\shadowword\sourcecode\src\lessonx.cpp(3433): warning C4996: 'strcpy': This function or variable may be unsafe. Consider using strcpy_s instead. To disable deprecation, use _CRT_SECURE_NO_WARNINGS. See online help for details.
          d:\vs012\vc\include\string.h(110) : 参见“strcpy”的声明
c:\users\27427\desktop\-funcode-\工程代码\games\影之界\shadowword\sourcecode\src\lessonx.cpp(3434): warning C4996: 'strcat': This function or variable may be unsafe. Consider using strcat_s instead. To disable deprecation, use _CRT_SECURE_NO_WARNINGS. See online help for details.
          d:\vs012\vc\include\string.h(115) : 参见“strcat”的声明
c:\users\27427\desktop\-funcode-\工程代码\games\影之界\shadowword\sourcecode\src\lessonx.cpp(3445): warning C4244: “参数”: 从“int”转换到“const float”，可能丢失数据
c:\users\27427\desktop\-funcode-\工程代码\games\影之界\shadowword\sourcecode\src\lessonx.cpp(3451): warning C4244: “参数”: 从“int”转换到“const float”，可能丢失数据
c:\users\27427\desktop\-funcode-\工程代码\games\影之界\shadowword\sourcecode\src\lessonx.cpp(3453): warning C4305: “参数”: 从“double”到“const float”截断
c:\users\27427\desktop\-funcode-\工程代码\games\影之界\shadowword\sourcecode\src\lessonx.cpp(3464): warning C4996: 'strcpy': This function or variable may be unsafe. Consider using strcpy_s instead. To disable deprecation, use _CRT_SECURE_NO_WARNINGS. See online help for details.
          d:\vs012\vc\include\string.h(110) : 参见“strcpy”的声明
c:\users\27427\desktop\-funcode-\工程代码\games\影之界\shadowword\sourcecode\src\lessonx.cpp(3465): warning C4996: 'strcat': This function or variable may be unsafe. Consider using strcat_s instead. To disable deprecation, use _CRT_SECURE_NO_WARNINGS. See online help for details.
          d:\vs012\vc\include\string.h(115) : 参见“strcat”的声明
c:\users\27427\desktop\-funcode-\工程代码\games\影之界\shadowword\sourcecode\src\lessonx.cpp(3476): warning C4244: “参数”: 从“int”转换到“const float”，可能丢失数据
c:\users\27427\desktop\-funcode-\工程代码\games\影之界\shadowword\sourcecode\src\lessonx.cpp(3482): warning C4244: “参数”: 从“int”转换到“const float”，可能丢失数据
c:\users\27427\desktop\-funcode-\工程代码\games\影之界\shadowword\sourcecode\src\lessonx.cpp(3484): warning C4305: “参数”: 从“double”到“const float”截断
c:\users\27427\desktop\-funcode-\工程代码\games\影之界\shadowword\sourcecode\src\lessonx.cpp(3520): warning C4305: “参数”: 从“double”到“const float”截断
c:\users\27427\desktop\-funcode-\工程代码\games\影之界\shadowword\sourcecode\src\lessonx.cpp(3539): warning C4305: “参数”: 从“double”到“const float”截断
c:\users\27427\desktop\-funcode-\工程代码\games\影之界\shadowword\sourcecode\src\lessonx.cpp(3540): warning C4305: “参数”: 从“double”到“const float”截断
c:\users\27427\desktop\-funcode-\工程代码\games\影之界\shadowword\sourcecode\src\lessonx.cpp(3566): warning C4305: “参数”: 从“double”到“const float”截断
c:\users\27427\desktop\-funcode-\工程代码\games\影之界\shadowword\sourcecode\src\lessonx.cpp(3567): warning C4305: “参数”: 从“double”到“const float”截断
c:\users\27427\desktop\-funcode-\工程代码\games\影之界\shadowword\sourcecode\src\lessonx.cpp(3568): warning C4305: “参数”: 从“double”到“const float”截断
c:\users\27427\desktop\-funcode-\工程代码\games\影之界\shadowword\sourcecode\src\lessonx.cpp(3581): warning C4244: “=”: 从“double”转换到“int”，可能丢失数据
c:\users\27427\desktop\-funcode-\工程代码\games\影之界\shadowword\sourcecode\src\lessonx.cpp(3674): warning C4244: “参数”: 从“int”转换到“const float”，可能丢失数据
c:\users\27427\desktop\-funcode-\工程代码\games\影之界\shadowword\sourcecode\src\lessonx.cpp(3676): warning C4244: “参数”: 从“int”转换到“const float”，可能丢失数据
c:\users\27427\desktop\-funcode-\工程代码\games\影之界\shadowword\sourcecode\src\lessonx.cpp(3681): warning C4244: “参数”: 从“int”转换到“const float”，可能丢失数据
c:\users\27427\desktop\-funcode-\工程代码\games\影之界\shadowword\sourcecode\src\lessonx.cpp(3691): warning C4244: “参数”: 从“int”转换到“const float”，可能丢失数据
c:\users\27427\desktop\-funcode-\工程代码\games\影之界\shadowword\sourcecode\src\lessonx.cpp(3699): warning C4244: “参数”: 从“int”转换到“const float”，可能丢失数据
c:\users\27427\desktop\-funcode-\工程代码\games\影之界\shadowword\sourcecode\src\lessonx.cpp(3701): warning C4244: “参数”: 从“int”转换到“const float”，可能丢失数据
Link:
  D:\VS012\VC\bin\link.exe /ERRORREPORT:PROMPT /OUT:"..\..\..\Bin\Game.exe" /INCREMENTAL:NO /NOLOGO Winmm.lib ..\..\Src\CommonAPI_2010.Lib kernel32.lib user32.lib gdi32.lib winspool.lib comdlg32.lib advapi32.lib shell32.lib ole32.lib oleaut32.lib uuid.lib odbc32.lib odbccp32.lib /MANIFEST:NO /DEBUG /PDB:"Debug\Game.pdb" /SUBSYSTEM:WINDOWS /TLBID:1 /DYNAMICBASE /NXCOMPAT /IMPLIB:"..\..\..\Bin\Game.lib" /MACHINE:X86 /SAFESEH Debug\VCProject2012.res
  Debug\LessonX.obj
  Debug\Main.obj
  ..\..\Src\CommonAPI_2010.lib
LessonX.obj : warning LNK4075: 忽略“/EDITANDCONTINUE”(由于“/OPT:LBR”规范)
LINK : warning LNK4098: 默认库“LIBCMT”与其他库的使用冲突；请使用 /NODEFAULTLIB:library
CommonAPI_2010.Lib(CommonAPI.obj) : warning LNK4099: 未找到 PDB“vc100.pdb”(使用“CommonAPI_2010.Lib(CommonAPI.obj)”或在“C:\Users\27427\Desktop\-Funcode-\工程代码\Games\影之界\ShadowWord\SourceCode\VCProject2012\VCProject2012\Debug\vc100.pdb”中寻找)；正在链接对象，如同没有调试信息一样
  VCProject2012.vcxproj -> C:\Users\27427\Desktop\-Funcode-\工程代码\Games\影之界\ShadowWord\SourceCode\VCProject2012\VCProject2012\..\..\..\Bin\Game.exe
已完成生成项目“C:\Users\27427\Desktop\-Funcode-\工程代码\Games\影之界\ShadowWord\SourceCode\VCProject2012\VCProject2012\VCProject2012.vcxproj”(Build 个目标)的操作。

生成成功。

已用时间 00:00:02.56
