C:\USERS\27427\DESKTOP\-FUNCODE-\工程代码\GAMES\SHADOWWORLD\BIN\GAME.BSC
C:\USERS\27427\DESKTOP\-FUNCODE-\工程代码\GAMES\SHADOWWORLD\SOURCECODE\VCPROJECT2012\VCPROJECT2012\DEBUG\UNITTESTING.SBR
C:\USERS\27427\DESKTOP\-FUNCODE-\工程代码\GAMES\SHADOWWORLD\SOURCECODE\VCPROJECT2012\VCPROJECT2012\DEBUG\STATEMACHINE.SBR
C:\USERS\27427\DESKTOP\-FUNCODE-\工程代码\GAMES\SHADOWWORLD\SOURCECODE\VCPROJECT2012\VCPROJECT2012\DEBUG\TIMER.SBR
C:\USERS\27427\DESKTOP\-FUNCODE-\工程代码\GAMES\SHADOWWORLD\SOURCECODE\VCPROJECT2012\VCPROJECT2012\DEBUG\ENTITYMANAGER.SBR
C:\USERS\27427\DESKTOP\-FUNCODE-\工程代码\GAMES\SHADOWWORLD\SOURCECODE\VCPROJECT2012\VCPROJECT2012\DEBUG\SETTING.SBR
C:\USERS\27427\DESKTOP\-FUNCODE-\工程代码\GAMES\SHADOWWORLD\SOURCECODE\VCPROJECT2012\VCPROJECT2012\DEBUG\SCENESTATES.SBR
C:\USERS\27427\DESKTOP\-FUNCODE-\工程代码\GAMES\SHADOWWORLD\SOURCECODE\VCPROJECT2012\VCPROJECT2012\DEBUG\BUTTON.SBR
C:\USERS\27427\DESKTOP\-FUNCODE-\工程代码\GAMES\SHADOWWORLD\SOURCECODE\VCPROJECT2012\VCPROJECT2012\DEBUG\RESOURCEBAG.SBR
C:\USERS\27427\DESKTOP\-FUNCODE-\工程代码\GAMES\SHADOWWORLD\SOURCECODE\VCPROJECT2012\VCPROJECT2012\DEBUG\PLAYERCONTROLLER.SBR
C:\USERS\27427\DESKTOP\-FUNCODE-\工程代码\GAMES\SHADOWWORLD\SOURCECODE\VCPROJECT2012\VCPROJECT2012\DEBUG\NONINTERACTIVEOBJECT.SBR
C:\USERS\27427\DESKTOP\-FUNCODE-\工程代码\GAMES\SHADOWWORLD\SOURCECODE\VCPROJECT2012\VCPROJECT2012\DEBUG\MONSTERCONTROLLER.SBR
C:\USERS\27427\DESKTOP\-FUNCODE-\工程代码\GAMES\SHADOWWORLD\SOURCECODE\VCPROJECT2012\VCPROJECT2012\DEBUG\MAIN.SBR
C:\USERS\27427\DESKTOP\-FUNCODE-\工程代码\GAMES\SHADOWWORLD\SOURCECODE\VCPROJECT2012\VCPROJECT2012\DEBUG\LOGGER.SBR
C:\USERS\27427\DESKTOP\-FUNCODE-\工程代码\GAMES\SHADOWWORLD\SOURCECODE\VCPROJECT2012\VCPROJECT2012\DEBUG\ENTITY.SBR
C:\USERS\27427\DESKTOP\-FUNCODE-\工程代码\GAMES\SHADOWWORLD\SOURCECODE\VCPROJECT2012\VCPROJECT2012\DEBUG\CSYSTEM.SBR
C:\USERS\27427\DESKTOP\-FUNCODE-\工程代码\GAMES\SHADOWWORLD\SOURCECODE\VCPROJECT2012\VCPROJECT2012\DEBUG\CSPRITE.SBR
C:\USERS\27427\DESKTOP\-FUNCODE-\工程代码\GAMES\SHADOWWORLD\SOURCECODE\VCPROJECT2012\VCPROJECT2012\DEBUG\CHARACTERCONTROLLER.SBR
C:\USERS\27427\DESKTOP\-FUNCODE-\工程代码\GAMES\SHADOWWORLD\SOURCECODE\VCPROJECT2012\VCPROJECT2012\DEBUG\CGAMEMAIN.SBR
C:\USERS\27427\DESKTOP\-FUNCODE-\工程代码\GAMES\SHADOWWORLD\SOURCECODE\VCPROJECT2012\VCPROJECT2012\DEBUG\CGAMEMAIN.OBJ
C:\USERS\27427\DESKTOP\-FUNCODE-\工程代码\GAMES\SHADOWWORLD\SOURCECODE\VCPROJECT2012\VCPROJECT2012\DEBUG\CHARACTERCONTROLLER.OBJ
C:\USERS\27427\DESKTOP\-FUNCODE-\工程代码\GAMES\SHADOWWORLD\SOURCECODE\VCPROJECT2012\VCPROJECT2012\DEBUG\CSPRITE.OBJ
C:\USERS\27427\DESKTOP\-FUNCODE-\工程代码\GAMES\SHADOWWORLD\SOURCECODE\VCPROJECT2012\VCPROJECT2012\DEBUG\CSYSTEM.OBJ
C:\USERS\27427\DESKTOP\-FUNCODE-\工程代码\GAMES\SHADOWWORLD\SOURCECODE\VCPROJECT2012\VCPROJECT2012\DEBUG\ENTITY.OBJ
C:\USERS\27427\DESKTOP\-FUNCODE-\工程代码\GAMES\SHADOWWORLD\SOURCECODE\VCPROJECT2012\VCPROJECT2012\DEBUG\LOGGER.OBJ
C:\USERS\27427\DESKTOP\-FUNCODE-\工程代码\GAMES\SHADOWWORLD\SOURCECODE\VCPROJECT2012\VCPROJECT2012\DEBUG\MAIN.OBJ
C:\USERS\27427\DESKTOP\-FUNCODE-\工程代码\GAMES\SHADOWWORLD\SOURCECODE\VCPROJECT2012\VCPROJECT2012\DEBUG\MONSTERCONTROLLER.OBJ
C:\USERS\27427\DESKTOP\-FUNCODE-\工程代码\GAMES\SHADOWWORLD\SOURCECODE\VCPROJECT2012\VCPROJECT2012\DEBUG\NONINTERACTIVEOBJECT.OBJ
C:\USERS\27427\DESKTOP\-FUNCODE-\工程代码\GAMES\SHADOWWORLD\SOURCECODE\VCPROJECT2012\VCPROJECT2012\DEBUG\PLAYERCONTROLLER.OBJ
C:\USERS\27427\DESKTOP\-FUNCODE-\工程代码\GAMES\SHADOWWORLD\SOURCECODE\VCPROJECT2012\VCPROJECT2012\DEBUG\RESOURCEBAG.OBJ
C:\USERS\27427\DESKTOP\-FUNCODE-\工程代码\GAMES\SHADOWWORLD\SOURCECODE\VCPROJECT2012\VCPROJECT2012\DEBUG\BUTTON.OBJ
C:\USERS\27427\DESKTOP\-FUNCODE-\工程代码\GAMES\SHADOWWORLD\SOURCECODE\VCPROJECT2012\VCPROJECT2012\DEBUG\SCENESTATES.OBJ
C:\USERS\27427\DESKTOP\-FUNCODE-\工程代码\GAMES\SHADOWWORLD\SOURCECODE\VCPROJECT2012\VCPROJECT2012\DEBUG\SETTING.OBJ
C:\USERS\27427\DESKTOP\-FUNCODE-\工程代码\GAMES\SHADOWWORLD\SOURCECODE\VCPROJECT2012\VCPROJECT2012\DEBUG\ENTITYMANAGER.OBJ
C:\USERS\27427\DESKTOP\-FUNCODE-\工程代码\GAMES\SHADOWWORLD\SOURCECODE\VCPROJECT2012\VCPROJECT2012\DEBUG\TIMER.OBJ
C:\USERS\27427\DESKTOP\-FUNCODE-\工程代码\GAMES\SHADOWWORLD\SOURCECODE\VCPROJECT2012\VCPROJECT2012\DEBUG\STATEMACHINE.OBJ
C:\USERS\27427\DESKTOP\-FUNCODE-\工程代码\GAMES\SHADOWWORLD\SOURCECODE\VCPROJECT2012\VCPROJECT2012\DEBUG\UNITTESTING.OBJ
C:\USERS\27427\DESKTOP\-FUNCODE-\工程代码\GAMES\SHADOWWORLD\SOURCECODE\VCPROJECT2012\VCPROJECT2012\DEBUG\VC110.PDB
C:\USERS\27427\DESKTOP\-FUNCODE-\工程代码\GAMES\SHADOWWORLD\SOURCECODE\VCPROJECT2012\VCPROJECT2012\DEBUG\OBJECT.SBR
C:\USERS\27427\DESKTOP\-FUNCODE-\工程代码\GAMES\SHADOWWORLD\SOURCECODE\VCPROJECT2012\VCPROJECT2012\DEBUG\OBJECTMANAGER.SBR
C:\USERS\27427\DESKTOP\-FUNCODE-\工程代码\GAMES\SHADOWWORLD\SOURCECODE\VCPROJECT2012\VCPROJECT2012\DEBUG\OBJECTMANAGER.OBJ
C:\USERS\27427\DESKTOP\-FUNCODE-\工程代码\GAMES\SHADOWWORLD\SOURCECODE\VCPROJECT2012\VCPROJECT2012\DEBUG\OBJECT.OBJ
C:\USERS\27427\DESKTOP\-FUNCODE-\工程代码\GAMES\SHADOWWORLD\SOURCECODE\VCPROJECT2012\VCPROJECT2012\DEBUG\UI.SBR
C:\USERS\27427\DESKTOP\-FUNCODE-\工程代码\GAMES\SHADOWWORLD\SOURCECODE\VCPROJECT2012\VCPROJECT2012\DEBUG\DATASHOWER.SBR
C:\USERS\27427\DESKTOP\-FUNCODE-\工程代码\GAMES\SHADOWWORLD\SOURCECODE\VCPROJECT2012\VCPROJECT2012\DEBUG\DATASHOWER.OBJ
C:\USERS\27427\DESKTOP\-FUNCODE-\工程代码\GAMES\SHADOWWORLD\SOURCECODE\VCPROJECT2012\VCPROJECT2012\DEBUG\UI.OBJ
C:\USERS\27427\DESKTOP\-FUNCODE-\工程代码\GAMES\SHADOWWORLD\SOURCECODE\VCPROJECT2012\VCPROJECT2012\DEBUG\VIDEO.SBR
C:\USERS\27427\DESKTOP\-FUNCODE-\工程代码\GAMES\SHADOWWORLD\SOURCECODE\VCPROJECT2012\VCPROJECT2012\DEBUG\VIDEO.OBJ
C:\USERS\27427\DESKTOP\-FUNCODE-\工程代码\GAMES\SHADOWWORLD\BIN\GAME.EXE
C:\USERS\27427\DESKTOP\-FUNCODE-\工程代码\GAMES\SHADOWWORLD\SOURCECODE\VCPROJECT2012\VCPROJECT2012\DEBUG\GAME.PDB
C:\USERS\27427\DESKTOP\-FUNCODE-\工程代码\GAMES\SHADOWWORLD\SOURCECODE\VCPROJECT2012\VCPROJECT2012\DEBUG\VCTEMPLATE.RES
C:\Users\27427\Desktop\-Funcode-\工程代码\Games\ShadowWorld\SourceCode\VCProject2012\VCProject2012\Debug\Button.obj
C:\Users\27427\Desktop\-Funcode-\工程代码\Games\ShadowWorld\SourceCode\VCProject2012\VCProject2012\Debug\CGameMain.obj
C:\Users\27427\Desktop\-Funcode-\工程代码\Games\ShadowWorld\SourceCode\VCProject2012\VCProject2012\Debug\CharacterController.obj
C:\Users\27427\Desktop\-Funcode-\工程代码\Games\ShadowWorld\SourceCode\VCProject2012\VCProject2012\Debug\CSprite.obj
C:\Users\27427\Desktop\-Funcode-\工程代码\Games\ShadowWorld\SourceCode\VCProject2012\VCProject2012\Debug\CSystem.obj
C:\Users\27427\Desktop\-Funcode-\工程代码\Games\ShadowWorld\SourceCode\VCProject2012\VCProject2012\Debug\DataShower.obj
C:\Users\27427\Desktop\-Funcode-\工程代码\Games\ShadowWorld\SourceCode\VCProject2012\VCProject2012\Debug\Entity.obj
C:\Users\27427\Desktop\-Funcode-\工程代码\Games\ShadowWorld\SourceCode\VCProject2012\VCProject2012\Debug\EntityManager.obj
C:\Users\27427\Desktop\-Funcode-\工程代码\Games\ShadowWorld\SourceCode\VCProject2012\VCProject2012\Debug\Logger.obj
C:\Users\27427\Desktop\-Funcode-\工程代码\Games\ShadowWorld\SourceCode\VCProject2012\VCProject2012\Debug\Main.obj
C:\Users\27427\Desktop\-Funcode-\工程代码\Games\ShadowWorld\SourceCode\VCProject2012\VCProject2012\Debug\MonsterController.obj
C:\Users\27427\Desktop\-Funcode-\工程代码\Games\ShadowWorld\SourceCode\VCProject2012\VCProject2012\Debug\NonInteractiveObject.obj
C:\Users\27427\Desktop\-Funcode-\工程代码\Games\ShadowWorld\SourceCode\VCProject2012\VCProject2012\Debug\Object.obj
C:\Users\27427\Desktop\-Funcode-\工程代码\Games\ShadowWorld\SourceCode\VCProject2012\VCProject2012\Debug\ObjectManager.obj
C:\Users\27427\Desktop\-Funcode-\工程代码\Games\ShadowWorld\SourceCode\VCProject2012\VCProject2012\Debug\PlayerController.obj
C:\Users\27427\Desktop\-Funcode-\工程代码\Games\ShadowWorld\SourceCode\VCProject2012\VCProject2012\Debug\ResourceBag.obj
C:\Users\27427\Desktop\-Funcode-\工程代码\Games\ShadowWorld\SourceCode\VCProject2012\VCProject2012\Debug\SceneStates.obj
C:\Users\27427\Desktop\-Funcode-\工程代码\Games\ShadowWorld\SourceCode\VCProject2012\VCProject2012\Debug\Setting.obj
C:\Users\27427\Desktop\-Funcode-\工程代码\Games\ShadowWorld\SourceCode\VCProject2012\VCProject2012\Debug\StateMachine.obj
C:\Users\27427\Desktop\-Funcode-\工程代码\Games\ShadowWorld\SourceCode\VCProject2012\VCProject2012\Debug\Timer.obj
C:\Users\27427\Desktop\-Funcode-\工程代码\Games\ShadowWorld\SourceCode\VCProject2012\VCProject2012\Debug\UI.obj
C:\Users\27427\Desktop\-Funcode-\工程代码\Games\ShadowWorld\SourceCode\VCProject2012\VCProject2012\Debug\UnitTesting.obj
C:\Users\27427\Desktop\-Funcode-\工程代码\Games\ShadowWorld\SourceCode\VCProject2012\VCProject2012\Debug\Video.obj
C:\Users\27427\Desktop\-Funcode-\工程代码\Games\ShadowWorld\SourceCode\VCProject2012\VCProject2012\Debug\BscMake.command.1.tlog
C:\Users\27427\Desktop\-Funcode-\工程代码\Games\ShadowWorld\SourceCode\VCProject2012\VCProject2012\Debug\bscmake.read.1.tlog
C:\Users\27427\Desktop\-Funcode-\工程代码\Games\ShadowWorld\SourceCode\VCProject2012\VCProject2012\Debug\BscMake.write.1.tlog
C:\Users\27427\Desktop\-Funcode-\工程代码\Games\ShadowWorld\SourceCode\VCProject2012\VCProject2012\Debug\cl.command.1.tlog
C:\Users\27427\Desktop\-Funcode-\工程代码\Games\ShadowWorld\SourceCode\VCProject2012\VCProject2012\Debug\CL.read.1.tlog
C:\Users\27427\Desktop\-Funcode-\工程代码\Games\ShadowWorld\SourceCode\VCProject2012\VCProject2012\Debug\CL.write.1.tlog
C:\Users\27427\Desktop\-Funcode-\工程代码\Games\ShadowWorld\SourceCode\VCProject2012\VCProject2012\Debug\link-cvtres.read.1.tlog
C:\Users\27427\Desktop\-Funcode-\工程代码\Games\ShadowWorld\SourceCode\VCProject2012\VCProject2012\Debug\link-cvtres.write.1.tlog
C:\Users\27427\Desktop\-Funcode-\工程代码\Games\ShadowWorld\SourceCode\VCProject2012\VCProject2012\Debug\link.command.1.tlog
C:\Users\27427\Desktop\-Funcode-\工程代码\Games\ShadowWorld\SourceCode\VCProject2012\VCProject2012\Debug\link.read.1.tlog
C:\Users\27427\Desktop\-Funcode-\工程代码\Games\ShadowWorld\SourceCode\VCProject2012\VCProject2012\Debug\link.write.1.tlog
C:\Users\27427\Desktop\-Funcode-\工程代码\Games\ShadowWorld\SourceCode\VCProject2012\VCProject2012\Debug\rc.command.1.tlog
C:\Users\27427\Desktop\-Funcode-\工程代码\Games\ShadowWorld\SourceCode\VCProject2012\VCProject2012\Debug\rc.read.1.tlog
C:\Users\27427\Desktop\-Funcode-\工程代码\Games\ShadowWorld\SourceCode\VCProject2012\VCProject2012\Debug\rc.write.1.tlog
C:\Users\27427\Desktop\-Funcode-\工程代码\Games\ShadowWorld\SourceCode\VCProject2012\VCProject2012\Debug\VCTemplate.res
C:\Users\27427\Desktop\-Funcode-\工程代码\Games\ShadowWorld\SourceCode\VCProject2012\VCProject2012\Debug\vc110.idb
C:\Users\27427\Desktop\-Funcode-\工程代码\Games\ShadowWorld\SourceCode\VCProject2012\VCProject2012\Debug\Game.pdb
C:\Users\27427\Desktop\-Funcode-\工程代码\Games\ShadowWorld\SourceCode\VCProject2012\VCProject2012\Debug\vc110.pdb
C:\Users\27427\Desktop\-Funcode-\工程代码\Games\ShadowWorld\SourceCode\VCProject2012\VCProject2012\Debug\Button.sbr
C:\Users\27427\Desktop\-Funcode-\工程代码\Games\ShadowWorld\SourceCode\VCProject2012\VCProject2012\Debug\CGameMain.sbr
C:\Users\27427\Desktop\-Funcode-\工程代码\Games\ShadowWorld\SourceCode\VCProject2012\VCProject2012\Debug\CharacterController.sbr
C:\Users\27427\Desktop\-Funcode-\工程代码\Games\ShadowWorld\SourceCode\VCProject2012\VCProject2012\Debug\CSprite.sbr
C:\Users\27427\Desktop\-Funcode-\工程代码\Games\ShadowWorld\SourceCode\VCProject2012\VCProject2012\Debug\CSystem.sbr
C:\Users\27427\Desktop\-Funcode-\工程代码\Games\ShadowWorld\SourceCode\VCProject2012\VCProject2012\Debug\DataShower.sbr
C:\Users\27427\Desktop\-Funcode-\工程代码\Games\ShadowWorld\SourceCode\VCProject2012\VCProject2012\Debug\Entity.sbr
C:\Users\27427\Desktop\-Funcode-\工程代码\Games\ShadowWorld\SourceCode\VCProject2012\VCProject2012\Debug\EntityManager.sbr
C:\Users\27427\Desktop\-Funcode-\工程代码\Games\ShadowWorld\SourceCode\VCProject2012\VCProject2012\Debug\Logger.sbr
C:\Users\27427\Desktop\-Funcode-\工程代码\Games\ShadowWorld\SourceCode\VCProject2012\VCProject2012\Debug\Main.sbr
C:\Users\27427\Desktop\-Funcode-\工程代码\Games\ShadowWorld\SourceCode\VCProject2012\VCProject2012\Debug\MonsterController.sbr
C:\Users\27427\Desktop\-Funcode-\工程代码\Games\ShadowWorld\SourceCode\VCProject2012\VCProject2012\Debug\NonInteractiveObject.sbr
C:\Users\27427\Desktop\-Funcode-\工程代码\Games\ShadowWorld\SourceCode\VCProject2012\VCProject2012\Debug\Object.sbr
C:\Users\27427\Desktop\-Funcode-\工程代码\Games\ShadowWorld\SourceCode\VCProject2012\VCProject2012\Debug\ObjectManager.sbr
C:\Users\27427\Desktop\-Funcode-\工程代码\Games\ShadowWorld\SourceCode\VCProject2012\VCProject2012\Debug\PlayerController.sbr
C:\Users\27427\Desktop\-Funcode-\工程代码\Games\ShadowWorld\SourceCode\VCProject2012\VCProject2012\Debug\ResourceBag.sbr
C:\Users\27427\Desktop\-Funcode-\工程代码\Games\ShadowWorld\SourceCode\VCProject2012\VCProject2012\Debug\SceneStates.sbr
C:\Users\27427\Desktop\-Funcode-\工程代码\Games\ShadowWorld\SourceCode\VCProject2012\VCProject2012\Debug\Setting.sbr
C:\Users\27427\Desktop\-Funcode-\工程代码\Games\ShadowWorld\SourceCode\VCProject2012\VCProject2012\Debug\StateMachine.sbr
C:\Users\27427\Desktop\-Funcode-\工程代码\Games\ShadowWorld\SourceCode\VCProject2012\VCProject2012\Debug\Timer.sbr
C:\Users\27427\Desktop\-Funcode-\工程代码\Games\ShadowWorld\SourceCode\VCProject2012\VCProject2012\Debug\UI.sbr
C:\Users\27427\Desktop\-Funcode-\工程代码\Games\ShadowWorld\SourceCode\VCProject2012\VCProject2012\Debug\UnitTesting.sbr
C:\Users\27427\Desktop\-Funcode-\工程代码\Games\ShadowWorld\SourceCode\VCProject2012\VCProject2012\Debug\Video.sbr
C:\Users\27427\Desktop\-Funcode-\工程代码\Games\ShadowWorld\SourceCode\VCProject2012\VCProject2012\..\..\..\Bin\Game.exe
