//-------------------------- 7/29/2024 -- 13:49:24 -----
Processor Init:
   Intel Pentium III, ~2.90 Ghz
     (timed at roughly 2.90 Ghz)
   FPU detected
   MMX detected
   SSE detected
 
Math Init:
   Installing Standard C extensions
   Installing Assembly extensions
   Installing FPU extensions
   Installing MMX extensions
   Installing SSE extensions
 
Input Init:
   DirectInput enabled.

Initializing chunk mappings...
   o 'TEXT' maps to TextChunk
   o 'SCHK' maps to UnknownChunk
   o 'SCHK' maps to SimChunk
Language_toolbar23: Unknown command.
Language_toolbar22: Unknown command.
Language_toolbar44: Unknown command.
Language_toolbar23: Unknown command.
Language_toolbar22: Unknown command.
Language_toolbar26: Unknown command.
Language_toolbar43: Unknown command.
Language_toolbar23: Unknown command.
Language_toolbar22: Unknown command.
Language_toolbar26: Unknown command.
Language_toolbar42: Unknown command.
Language_toolbar23: Unknown command.
Language_toolbar22: Unknown command.
Language_toolbar41: Unknown command.
Language_toolbar23: Unknown command.
Language_toolbar22: Unknown command.
Language_toolbar26: Unknown command.
Language_toolbar40: Unknown command.
Language_toolbar23: Unknown command.
Language_toolbar22: Unknown command.
Language_toolbar39: Unknown command.
Language_toolbar23: Unknown command.
Language_toolbar22: Unknown command.
Language_toolbar26: Unknown command.
Language_toolbar38: Unknown command.
Language_toolbar23: Unknown command.
Language_toolbar37: Unknown command.
Language_toolbar23: Unknown command.
Language_toolbar22: Unknown command.
Language_toolbar26: Unknown command.
Language_toolbar36: Unknown command.
Language_toolbar23: Unknown command.
Language_toolbar22: Unknown command.
Language_toolbar35: Unknown command.
Language_toolbar23: Unknown command.
Language_toolbar22: Unknown command.
Language_toolbar26: Unknown command.
Language_toolbar34: Unknown command.
Language_toolbar23: Unknown command.
Language_toolbar22: Unknown command.
Language_toolbar26: Unknown command.
Language_toolbar33: Unknown command.
Language_toolbar23: Unknown command.
Language_toolbar32: Unknown command.
Language_toolbar23: Unknown command.
Language_toolbar22: Unknown command.
Language_toolbar26: Unknown command.
Language_toolbar31: Unknown command.
Language_toolbar23: Unknown command.
Language_toolbar22: Unknown command.
Language_toolbar30: Unknown command.
Language_toolbar23: Unknown command.
Language_toolbar22: Unknown command.
Language_toolbar26: Unknown command.
Language_toolbar29: Unknown command.
Language_toolbar23: Unknown command.
Language_toolbar28: Unknown command.
Language_toolbar23: Unknown command.
Language_toolbar27: Unknown command.
Language_toolbar23: Unknown command.
Language_toolbar22: Unknown command.
Language_toolbar26: Unknown command.
Language_toolbar23: Unknown command.
Language_toolbar22: Unknown command.
Language_toolbar26: Unknown command.
Language_toolbar25: Unknown command.
Language_toolbar23: Unknown command.
Language_toolbar22: Unknown command.
Language_toolbar24: Unknown command.
Language_toolbar23: Unknown command.
Language_toolbar23: Unknown command.
Language_toolbar22: Unknown command.
Language_toolbar23: Unknown command.
Language_toolbar22: Unknown command.
Language_toolbar26: Unknown command.
Language_toolbar21: Unknown command.
Language_toolbar23: Unknown command.
Language_toolbar22: Unknown command.
Language_toolbar26: Unknown command.
Language_toolbar20: Unknown command.
Loading compiled script C:/Users/27427/Desktop/-Funcode-/工程代码/FunCode/common/main.cs.
Loading compiled script C:/Users/27427/Desktop/-Funcode-/工程代码/FunCode/tools/main.cs.
Loading compiled script C:/Users/27427/Desktop/-Funcode-/工程代码/FunCode/common/preferences/defaultPrefs.cs.
Reading Display Device information...
   Primary Display Device Found:
      Vendor Id: VEN_0000
      Device Id: DEV_0000

Using OpenGL rendering. Fullscreen: 0

Executing C:/Users/27427/AppData/Roaming/FunCode/FunCode/commonPrefs.cs.
Loading compiled script C:/Users/27427/Desktop/-Funcode-/工程代码/FunCode/common/Language.cs.
- Initialized Language
Loading compiled script C:/Users/27427/Desktop/-Funcode-/工程代码/FunCode/common/gameScripts/common.cs.
Loading compiled script C:/Users/27427/Desktop/-Funcode-/工程代码/FunCode/common/gameScripts/audio.cs.
Loading compiled script C:/Users/27427/Desktop/-Funcode-/工程代码/FunCode/common/gameScripts/canvas.cs.
Loading compiled script C:/Users/27427/Desktop/-Funcode-/工程代码/FunCode/common/gameScripts/cursor.cs.
Binding server port to default IP
UDP initialized on port 0
Video Init:
   Accelerated OpenGL display device detected.
   Accelerated D3D device detected.
   Voodoo 2 display device not detected.

Activating the OpenGL display device...
Activating the OpenGL display device...
Setting screen mode to 1193x1152x32 (w)...
Creating a new window...
Acquiring a new device context...
Pixel format set:
  32 color bits, 24 depth bits, 8 stencil bits
Creating a new rendering context...
Making the new rendering context current...
OpenGL driver information:
  Vendor: Intel
  Renderer: Intel(R) Iris(R) Xe Graphics
  Version: 4.6.0 - Build 31.0.101.4146
OpenGL Init: Enabled Extensions
  ARB_multitexture (Max Texture Units: 8)
  EXT_blend_color
  EXT_blend_minmax
  EXT_compiled_vertex_array
  EXT_texture_env_combine
  EXT_packed_pixels
  EXT_fog_coord
  ARB_texture_compression
  EXT_texture_compression_s3tc
  3DFX_texture_compression_FXT1
  (ARB|EXT)_texture_env_add
  EXT_texture_filter_anisotropic (Max anisotropy: 16)
  WGL_EXT_swap_control
OpenGL Init: Disabled Extensions
  EXT_paletted_texture
  NV_vertex_array_range

Max Texture Size reported as: 16384
OpenAL Driver Init:
   Vendor: Creative Labs Inc.
   Version: OpenAL 1.0
   Renderer: Software
   Extensions: EAX 2.0, EAX 3.0, EAX Unified, and EAX-AC3

Loading compiled script C:/Users/27427/Desktop/-Funcode-/工程代码/FunCode/common/gui/profiles.cs.
Loading compiled script C:/Users/27427/Desktop/-Funcode-/工程代码/FunCode/common/gui/cursors.cs.
Loading compiled script C:/Users/27427/Desktop/-Funcode-/工程代码/FunCode/common/gui/options.gui.
Loading compiled script C:/Users/27427/Desktop/-Funcode-/工程代码/FunCode/common/gui/remap.gui.
Loading compiled script C:/Users/27427/Desktop/-Funcode-/工程代码/FunCode/common/gui/console.gui.
Loading compiled script C:/Users/27427/Desktop/-Funcode-/工程代码/FunCode/common/gui/help.cs.
Loading compiled script C:/Users/27427/Desktop/-Funcode-/工程代码/FunCode/common/gameScripts/screenshot.cs.
Loading compiled script C:/Users/27427/Desktop/-Funcode-/工程代码/FunCode/common/gameScripts/metrics.cs.
Loading compiled script C:/Users/27427/Desktop/-Funcode-/工程代码/FunCode/common/Gui/FrameOverlayGui.gui.
Loading compiled script C:/Users/27427/Desktop/-Funcode-/工程代码/FunCode/common/gameScripts/scriptDoc.cs.
Loading compiled script C:/Users/27427/Desktop/-Funcode-/工程代码/FunCode/common/gameScripts/keybindings.cs.
Loading compiled script C:/Users/27427/Desktop/-Funcode-/工程代码/FunCode/common/gameScripts/options.cs.
Loading compiled script C:/Users/27427/Desktop/-Funcode-/工程代码/FunCode/common/gameScripts/levelManagement.cs.
Loading compiled script C:/Users/27427/Desktop/-Funcode-/工程代码/FunCode/common/gameScripts/align.cs.
Loading compiled script C:/Users/27427/Desktop/-Funcode-/工程代码/FunCode/common/gameScripts/helperfuncs.cs.
Loading compiled script C:/Users/27427/Desktop/-Funcode-/工程代码/FunCode/common/gameScripts/behaviorManagement.cs.
Loading compiled script C:/Users/27427/Desktop/-Funcode-/工程代码/FunCode/common/Help.cs.
 % - Initialized Common
 % - Initializing Tools
Loading compiled script C:/Users/27427/Desktop/-Funcode-/工程代码/FunCode/tools/gui/cursors.ed.cs.
Loading compiled script C:/Users/27427/Desktop/-Funcode-/工程代码/FunCode/tools/gui/profiles.ed.cs.
Loading compiled script C:/Users/27427/Desktop/-Funcode-/工程代码/FunCode/tools/editorClasses/main.cs.
 % - Initializing Tools Base
Loading compiled script C:/Users/27427/Desktop/-Funcode-/工程代码/FunCode/tools/editorClasses/gui/editorProfiles.ed.cs.
tools/editorClasses/gui/editorProfiles.ed.cs (266): Unable to find parent object EditorListBox for GuiControlProfile.
tools/editorClasses/gui/editorProfiles.ed.cs (270): Unable to find parent object EditorCheckBox for GuiControlProfile.
Loading compiled script C:/Users/27427/Desktop/-Funcode-/工程代码/FunCode/tools/editorClasses/scripts/fileLoader.ed.cs.
Loading compiled script C:/Users/27427/Desktop/-Funcode-/工程代码/FunCode/tools/editorClasses/gui/panels/navPanelProfiles.ed.cs.
Loading compiled script C:/Users/27427/Desktop/-Funcode-/工程代码/FunCode/tools/editorClasses/scripts/preferencesManager.ed.cs.
Loading compiled script C:/Users/27427/Desktop/-Funcode-/工程代码/FunCode/tools/editorClasses/scripts/guiFormLibraryManager.ed.cs.
Loading compiled script C:/Users/27427/Desktop/-Funcode-/工程代码/FunCode/tools/editorClasses/scripts/guiFormContentManager.ed.cs.
Loading compiled script C:/Users/27427/Desktop/-Funcode-/工程代码/FunCode/tools/editorClasses/scripts/guiFormReferenceManager.ed.cs.
Loading compiled script C:/Users/27427/Desktop/-Funcode-/工程代码/FunCode/tools/editorClasses/scripts/guiFormLayoutManager.ed.cs.
Loading compiled script C:/Users/27427/Desktop/-Funcode-/工程代码/FunCode/tools/editorClasses/scripts/guiFormMessageManager.ed.cs.
Loading compiled script C:/Users/27427/Desktop/-Funcode-/工程代码/FunCode/tools/editorClasses/scripts/resourceFinder.ed.cs.
Loading compiled script C:/Users/27427/Desktop/-Funcode-/工程代码/FunCode/tools/editorClasses/scripts/resourceLoader.ed.cs.
Loading compiled script C:/Users/27427/Desktop/-Funcode-/工程代码/FunCode/tools/editorClasses/scripts/debugOutput.ed.cs.
Loading compiled script C:/Users/27427/Desktop/-Funcode-/工程代码/FunCode/tools/editorClasses/scripts/guiCanvasExtensions.ed.cs.
Loading compiled script C:/Users/27427/Desktop/-Funcode-/工程代码/FunCode/tools/editorClasses/scripts/editorMenus.ed.cs.
Loading compiled script C:/Users/27427/Desktop/-Funcode-/工程代码/FunCode/tools/editorClasses/scripts/expandos.ed.cs.
Loading compiled script C:/Users/27427/Desktop/-Funcode-/工程代码/FunCode/tools/editorClasses/scripts/utility.ed.cs.
Loading compiled script C:/Users/27427/Desktop/-Funcode-/工程代码/FunCode/tools/editorClasses/scripts/contextPopup.ed.cs.
Loading compiled script C:/Users/27427/Desktop/-Funcode-/工程代码/FunCode/tools/editorClasses/scripts/projects/projectEvents.ed.cs.
Loading compiled script C:/Users/27427/Desktop/-Funcode-/工程代码/FunCode/tools/editorClasses/scripts/projects/projectInternalInterface.ed.cs.
Loading compiled script C:/Users/27427/Desktop/-Funcode-/工程代码/FunCode/tools/editorClasses/scripts/input/inputEvents.ed.cs.
Loading compiled script C:/Users/27427/Desktop/-Funcode-/工程代码/FunCode/tools/editorClasses/scripts/input/dragDropEvents.ed.cs.
Loading compiled script C:/Users/27427/Desktop/-Funcode-/工程代码/FunCode/tools/editorClasses/scripts/input/applicationEvents.ed.cs.
Loading compiled script C:/Users/27427/Desktop/-Funcode-/工程代码/FunCode/tools/editorClasses/scripts/guiFormClass.ed.cs.
Loading compiled script C:/Users/27427/Desktop/-Funcode-/工程代码/FunCode/tools/editorClasses/scripts/guiClasses/guiThumbnailPopup.ed.cs.
Loading compiled script C:/Users/27427/Desktop/-Funcode-/工程代码/FunCode/tools/editorClasses/scripts/guiClasses/guiThumbnail.ed.cs.
Loading compiled script C:/Users/27427/Desktop/-Funcode-/工程代码/FunCode/tools/editorClasses/scripts/RSSNews/RSSFeedScript.ed.cs.
Loading compiled script C:/Users/27427/Desktop/-Funcode-/工程代码/FunCode/tools/editorClasses/scripts/RSSNews/RSSStructs.ed.cs.
Loading compiled script C:/Users/27427/Desktop/-Funcode-/工程代码/FunCode/tools/editorClasses/gui/tgbStartPage.ed.gui.
Loading compiled script C:/Users/27427/Desktop/-Funcode-/工程代码/FunCode/tools/editorClasses/gui/tgbStartPage.ed.cs.
Loading compiled script C:/Users/27427/Desktop/-Funcode-/工程代码/FunCode/tools/editorClasses/gui/FunCodeStartPage.ed.gui.
Loading compiled script C:/Users/27427/Desktop/-Funcode-/工程代码/FunCode/tools/editorClasses/gui/FunCodeStartPage.ed.cs.
Loading compiled script C:/Users/27427/Desktop/-Funcode-/工程代码/FunCode/tools/editorClasses/scripts/core/zip/zipFile.ed.cs.
Loading compiled script C:/Users/27427/Desktop/-Funcode-/工程代码/FunCode/tools/editorClasses/scripts/platform/menuBuilder.ed.cs.
Loading compiled script C:/Users/27427/Desktop/-Funcode-/工程代码/FunCode/tools/debugger/main.cs.
 % - Initializing Debugger
Loading compiled script C:/Users/27427/Desktop/-Funcode-/工程代码/FunCode/tools/debugger/Scripts/debugger.ed.cs.
Loading compiled script C:/Users/27427/Desktop/-Funcode-/工程代码/FunCode/tools/debugger/Gui/breakConditionDlg.ed.gui.
Loading compiled script C:/Users/27427/Desktop/-Funcode-/工程代码/FunCode/tools/debugger/Gui/connectDlg.ed.gui.
Loading compiled script C:/Users/27427/Desktop/-Funcode-/工程代码/FunCode/tools/debugger/Gui/editWatchDlg.ed.gui.
Loading compiled script C:/Users/27427/Desktop/-Funcode-/工程代码/FunCode/tools/debugger/Gui/findDlg.ed.gui.
Loading compiled script C:/Users/27427/Desktop/-Funcode-/工程代码/FunCode/tools/debugger/Gui/debugger.ed.gui.
Loading compiled script C:/Users/27427/Desktop/-Funcode-/工程代码/FunCode/tools/debugger/Gui/watchDlg.ed.gui.
Loading compiled script C:/Users/27427/Desktop/-Funcode-/工程代码/FunCode/tools/guiEditor/main.cs.
 % - Initializing Gui Builder
Loading compiled script C:/Users/27427/Desktop/-Funcode-/工程代码/FunCode/tools/guiEditor/gui/guiEditor.ed.gui.
Loading compiled script C:/Users/27427/Desktop/-Funcode-/工程代码/FunCode/tools/guiEditor/gui/guiEditor.ed.cs.
Loading compiled script C:/Users/27427/Desktop/-Funcode-/工程代码/FunCode/tools/guiEditor/gui/newGuiDialog.ed.gui.
Loading compiled script C:/Users/27427/Desktop/-Funcode-/工程代码/FunCode/tools/guiEditor/gui/fileDialogs.ed.cs.
Loading compiled script C:/Users/27427/Desktop/-Funcode-/工程代码/FunCode/tools/guiEditor/gui/guiEditorPrefsDlg.ed.gui.
Loading compiled script C:/Users/27427/Desktop/-Funcode-/工程代码/FunCode/tools/guiEditor/gui/guiEditorPrefsDlg.ed.cs.
Loading compiled script C:/Users/27427/Desktop/-Funcode-/工程代码/FunCode/tools/guiEditor/gui/guiEditorPalette.ed.gui.
Loading compiled script C:/Users/27427/Desktop/-Funcode-/工程代码/FunCode/tools/guiEditor/gui/guiEditorUndo.ed.cs.
Loading compiled script C:/Users/27427/Desktop/-Funcode-/工程代码/FunCode/tools/guiEditor/core/guiApplicationClose.ed.cs.
Loading compiled script C:/Users/27427/Desktop/-Funcode-/工程代码/FunCode/tools/projectBuilder/main.cs.
Loading compiled script C:/Users/27427/Desktop/-Funcode-/工程代码/FunCode/tools/projectBuilder/projectBuilder.ed.gui.
Loading compiled script C:/Users/27427/Desktop/-Funcode-/工程代码/FunCode/tools/particleEditor/main.cs.
Loading compiled script C:/Users/27427/Desktop/-Funcode-/工程代码/FunCode/tools/particleEditor/ParticlePreviewWindow.ed.cs.
Loading compiled script C:/Users/27427/Desktop/-Funcode-/工程代码/FunCode/tools/particleEditor/FunCodeParticle.ed.cs.
Loading compiled script C:/Users/27427/Desktop/-Funcode-/工程代码/FunCode/tools/particleEditor/FunCodeParticle.ed.gui.
 % - Initializing Particle Effect Builder
Executing C:/Users/27427/AppData/Roaming/FunCode/FunCode/particleEditorPrefs.cs.
Loading compiled script C:/Users/27427/Desktop/-Funcode-/工程代码/FunCode/tools/particleEditor/scripts/newParticleEditor.ed.cs.
Loading compiled script C:/Users/27427/Desktop/-Funcode-/工程代码/FunCode/tools/particleEditor/scripts/ParticleEditorEffectFunctions.ed.cs.
Loading compiled script C:/Users/27427/Desktop/-Funcode-/工程代码/FunCode/tools/particleEditor/scripts/ParticleEditorEmitterFunctions.ed.cs.
Loading compiled script C:/Users/27427/Desktop/-Funcode-/工程代码/FunCode/tools/particleEditor/scripts/undo.ed.cs.
Loading compiled script C:/Users/27427/Desktop/-Funcode-/工程代码/FunCode/tools/particleEditor/scripts/fileDialogs.ed.cs.
Loading compiled script C:/Users/27427/Desktop/-Funcode-/工程代码/FunCode/tools/leveleditor/main.cs.
 % - Initializing Scene Editor
Loading compiled script C:/Users/27427/Desktop/-Funcode-/工程代码/FunCode/tools/leveleditor/preferences/defaultPrefs.ed.cs.
Executing C:/Users/27427/AppData/Roaming/FunCode/FunCode/levelEditorPrefs.cs.
Loading compiled script C:/Users/27427/Desktop/-Funcode-/工程代码/FunCode/tools/leveleditor/data/layouts/Default.ed.cs.
Compiling C:/Users/27427/AppData/Roaming/FunCode/FunCode/levelBuilder/layouts/User.cs...
Executing C:/Users/27427/AppData/Roaming/FunCode/FunCode/levelBuilder/layouts/User.cs.
Loading compiled script C:/Users/27427/Desktop/-Funcode-/工程代码/FunCode/tools/leveleditor/gui/profiles.ed.cs.
Loading compiled script C:/Users/27427/Desktop/-Funcode-/工程代码/FunCode/tools/levelEditor/core/t2dTorsion.ed.cs.
Loading compiled script C:/Users/27427/Desktop/-Funcode-/工程代码/FunCode/tools/levelEditor/core/t2dProjectPersistence.ed.cs.
Loading compiled script C:/Users/27427/Desktop/-Funcode-/工程代码/FunCode/tools/persistence/xml.ed.cs.
Loading compiled script C:/Users/27427/Desktop/-Funcode-/工程代码/FunCode/tools/levelEditor/core/t2dProjectConverter11x.ed.cs.
Loading compiled script C:/Users/27427/Desktop/-Funcode-/工程代码/FunCode/tools/levelEditor/core/t2dProject.ed.cs.
Loading compiled script C:/Users/27427/Desktop/-Funcode-/工程代码/FunCode/tools/levelEditor/core/t2dCoreDeploy.ed.cs.
Loading compiled script C:/Users/27427/Desktop/-Funcode-/工程代码/FunCode/tools/levelEditor/core/gameConfigXML.ed.cs.
Loading compiled script C:/Users/27427/Desktop/-Funcode-/工程代码/FunCode/tools/levelEditor/core/dragDrop.ed.cs.
Loading compiled script C:/Users/27427/Desktop/-Funcode-/工程代码/FunCode/tools/levelEditor/core/applicationClose.ed.cs.
Loading compiled script C:/Users/27427/Desktop/-Funcode-/工程代码/FunCode/tools/levelEditor/scripts/undo.ed.cs.
Loading compiled script C:/Users/27427/Desktop/-Funcode-/工程代码/FunCode/tools/levelEditor/scripts/toolbar.ed.cs.
Loading compiled script C:/Users/27427/Desktop/-Funcode-/工程代码/FunCode/tools/levelEditor/scripts/saving.ed.cs.
Loading compiled script C:/Users/27427/Desktop/-Funcode-/工程代码/FunCode/tools/levelEditor/scripts/properties.ed.cs.
Loading compiled script C:/Users/27427/Desktop/-Funcode-/工程代码/FunCode/tools/levelEditor/scripts/options.ed.cs.
Loading compiled script C:/Users/27427/Desktop/-Funcode-/工程代码/FunCode/tools/levelEditor/scripts/news.ed.cs.
Loading compiled script C:/Users/27427/Desktop/-Funcode-/工程代码/FunCode/tools/levelEditor/scripts/levelManagement.ed.cs.
Loading compiled script C:/Users/27427/Desktop/-Funcode-/工程代码/FunCode/tools/levelEditor/scripts/levelEditorWindow.ed.cs.
Loading compiled script C:/Users/27427/Desktop/-Funcode-/工程代码/FunCode/tools/levelEditor/scripts/levelEditorMenu.ed.cs.
Loading compiled script C:/Users/27427/Desktop/-Funcode-/工程代码/FunCode/tools/levelEditor/scripts/levelEditor.ed.cs.
Loading compiled script C:/Users/27427/Desktop/-Funcode-/工程代码/FunCode/tools/levelEditor/scripts/guiClasses/lbStaticSpriteThumbnailPopup.ed.cs.
Loading compiled script C:/Users/27427/Desktop/-Funcode-/工程代码/FunCode/tools/levelEditor/scripts/forms/toolPropertiesSelection.ed.cs.
Loading compiled script C:/Users/27427/Desktop/-Funcode-/工程代码/FunCode/tools/levelEditor/scripts/forms/toolProperties.ed.cs.
Loading compiled script C:/Users/27427/Desktop/-Funcode-/工程代码/FunCode/tools/levelEditor/scripts/forms/sideBarContent.ed.cs.
Loading compiled script C:/Users/27427/Desktop/-Funcode-/工程代码/FunCode/tools/levelEditor/scripts/forms/sideBar/sideBarTreeView.ed.cs.
Loading compiled script C:/Users/27427/Desktop/-Funcode-/工程代码/FunCode/tools/levelEditor/scripts/forms/sideBar/sideBarQuickEdit.ed.cs.
Loading compiled script C:/Users/27427/Desktop/-Funcode-/工程代码/FunCode/tools/levelEditor/scripts/forms/sideBar/sideBarProject.ed.cs.
Loading compiled script C:/Users/27427/Desktop/-Funcode-/工程代码/FunCode/tools/levelEditor/scripts/forms/sideBar/sideBarHistoryView.ed.cs.
Loading compiled script C:/Users/27427/Desktop/-Funcode-/工程代码/FunCode/tools/levelEditor/scripts/forms/sideBar/sideBarCreate.ed.cs.
Loading compiled script C:/Users/27427/Desktop/-Funcode-/工程代码/FunCode/tools/levelEditor/scripts/forms/sideBar/sideBarContentManagement.ed.cs.
Loading compiled script C:/Users/27427/Desktop/-Funcode-/工程代码/FunCode/tools/levelEditor/scripts/forms/sideBar/sideBarClassConfigLink.ed.cs.
Loading compiled script C:/Users/27427/Desktop/-Funcode-/工程代码/FunCode/tools/levelEditor/scripts/forms/sceneView.ed.cs.
Loading compiled script C:/Users/27427/Desktop/-Funcode-/工程代码/FunCode/tools/levelEditor/scripts/forms/quickEditClasses/tileFields/toolbar.ed.cs.
Loading compiled script C:/Users/27427/Desktop/-Funcode-/工程代码/FunCode/tools/levelEditor/scripts/forms/quickEditClasses/tileFields/layerPersistence.ed.cs.
Loading compiled script C:/Users/27427/Desktop/-Funcode-/工程代码/FunCode/tools/levelEditor/scripts/forms/quickEditClasses/tileFields/brushRollout.ed.cs.
Loading compiled script C:/Users/27427/Desktop/-Funcode-/工程代码/FunCode/tools/levelEditor/scripts/forms/quickEditClasses/tileFields/brushPreview.ed.cs.
Loading compiled script C:/Users/27427/Desktop/-Funcode-/工程代码/FunCode/tools/levelEditor/scripts/forms/quickEditClasses/t2dTrigger.ed.cs.
Loading compiled script C:/Users/27427/Desktop/-Funcode-/工程代码/FunCode/tools/levelEditor/scripts/forms/quickEditClasses/t2dTileLayer.ed.cs.
Loading compiled script C:/Users/27427/Desktop/-Funcode-/工程代码/FunCode/tools/levelEditor/scripts/forms/quickEditClasses/t2dTextObject.ed.cs.
Loading compiled script C:/Users/27427/Desktop/-Funcode-/工程代码/FunCode/tools/levelEditor/scripts/forms/quickEditClasses/t2dStaticSprite.ed.cs.
Loading compiled script C:/Users/27427/Desktop/-Funcode-/工程代码/FunCode/tools/levelEditor/scripts/forms/quickEditClasses/t2dShapeVector.ed.cs.
Loading compiled script C:/Users/27427/Desktop/-Funcode-/工程代码/FunCode/tools/levelEditor/scripts/forms/quickEditClasses/t2dShape3D.ed.cs.
Loading compiled script C:/Users/27427/Desktop/-Funcode-/工程代码/FunCode/tools/levelEditor/scripts/forms/quickEditClasses/t2dScroller.ed.cs.
Loading compiled script C:/Users/27427/Desktop/-Funcode-/工程代码/FunCode/tools/levelEditor/scripts/forms/quickEditClasses/t2dSceneObjectSet.ed.cs.
Loading compiled script C:/Users/27427/Desktop/-Funcode-/工程代码/FunCode/tools/levelEditor/scripts/forms/quickEditClasses/t2dSceneObjectGroup.ed.cs.
Loading compiled script C:/Users/27427/Desktop/-Funcode-/工程代码/FunCode/tools/levelEditor/scripts/forms/quickEditClasses/t2dSceneObject.ed.cs.
Loading compiled script C:/Users/27427/Desktop/-Funcode-/工程代码/FunCode/tools/levelEditor/scripts/forms/quickEditClasses/t2dSceneGraph.ed.cs.
Loading compiled script C:/Users/27427/Desktop/-Funcode-/工程代码/FunCode/tools/levelEditor/scripts/forms/quickEditClasses/t2dPath.ed.cs.
Loading compiled script C:/Users/27427/Desktop/-Funcode-/工程代码/FunCode/tools/levelEditor/scripts/forms/quickEditClasses/t2dParticleEffect.ed.cs.
Loading compiled script C:/Users/27427/Desktop/-Funcode-/工程代码/FunCode/tools/levelEditor/scripts/forms/quickEditClasses/t2dAnimatedSprite.ed.cs.
Loading compiled script C:/Users/27427/Desktop/-Funcode-/工程代码/FunCode/tools/levelEditor/scripts/forms/quickEditClasses/quickEditFields/textEdit3.ed.cs.
Loading compiled script C:/Users/27427/Desktop/-Funcode-/工程代码/FunCode/tools/levelEditor/scripts/forms/quickEditClasses/quickEditFields/textEdit2.ed.cs.
Loading compiled script C:/Users/27427/Desktop/-Funcode-/工程代码/FunCode/tools/levelEditor/scripts/forms/quickEditClasses/quickEditFields/textEdit.ed.cs.
Loading compiled script C:/Users/27427/Desktop/-Funcode-/工程代码/FunCode/tools/levelEditor/scripts/forms/quickEditClasses/quickEditFields/textCommandButton.ed.cs.
Loading compiled script C:/Users/27427/Desktop/-Funcode-/工程代码/FunCode/tools/levelEditor/scripts/forms/quickEditClasses/quickEditFields/t2dFramePicker.ed.cs.
Loading compiled script C:/Users/27427/Desktop/-Funcode-/工程代码/FunCode/tools/levelEditor/scripts/forms/quickEditClasses/quickEditFields/t2dDatablockList.ed.cs.
Loading compiled script C:/Users/27427/Desktop/-Funcode-/工程代码/FunCode/tools/levelEditor/scripts/forms/quickEditClasses/quickEditFields/spacer.ed.cs.
Loading compiled script C:/Users/27427/Desktop/-Funcode-/工程代码/FunCode/tools/levelEditor/scripts/forms/quickEditClasses/quickEditFields/rollout.ed.cs.
Loading compiled script C:/Users/27427/Desktop/-Funcode-/工程代码/FunCode/tools/levelEditor/scripts/forms/quickEditClasses/quickEditFields/quickEditFloatWindow.ed.cs.
Loading compiled script C:/Users/27427/Desktop/-Funcode-/工程代码/FunCode/tools/levelEditor/scripts/forms/quickEditClasses/quickEditFields/quickEditFieldBaseType.ed.cs.
Loading compiled script C:/Users/27427/Desktop/-Funcode-/工程代码/FunCode/tools/levelEditor/scripts/forms/quickEditClasses/quickEditFields/quickEditContentUtil.ed.cs.
Loading compiled script C:/Users/27427/Desktop/-Funcode-/工程代码/FunCode/tools/levelEditor/scripts/forms/quickEditClasses/quickEditFields/mask.ed.cs.
Loading compiled script C:/Users/27427/Desktop/-Funcode-/工程代码/FunCode/tools/levelEditor/scripts/forms/quickEditClasses/quickEditFields/listBox.ed.cs.
Loading compiled script C:/Users/27427/Desktop/-Funcode-/工程代码/FunCode/tools/levelEditor/scripts/forms/quickEditClasses/quickEditFields/leftRightEdit.ed.cs.
Loading compiled script C:/Users/27427/Desktop/-Funcode-/工程代码/FunCode/tools/levelEditor/scripts/forms/quickEditClasses/quickEditFields/leftRight.ed.cs.
Loading compiled script C:/Users/27427/Desktop/-Funcode-/工程代码/FunCode/tools/levelEditor/scripts/forms/quickEditClasses/quickEditFields/layerManager.ed.cs.
Loading compiled script C:/Users/27427/Desktop/-Funcode-/工程代码/FunCode/tools/levelEditor/scripts/forms/quickEditClasses/quickEditFields/label.ed.cs.
Loading compiled script C:/Users/27427/Desktop/-Funcode-/工程代码/FunCode/tools/levelEditor/scripts/forms/quickEditClasses/quickEditFields/keybindList.ed.cs.
Loading compiled script C:/Users/27427/Desktop/-Funcode-/工程代码/FunCode/tools/levelEditor/scripts/forms/quickEditClasses/quickEditFields/hideableStack.ed.cs.
Loading compiled script C:/Users/27427/Desktop/-Funcode-/工程代码/FunCode/tools/levelEditor/scripts/forms/quickEditClasses/quickEditFields/enumList.ed.cs.
Loading compiled script C:/Users/27427/Desktop/-Funcode-/工程代码/FunCode/tools/levelEditor/scripts/forms/quickEditClasses/quickEditFields/dynamicFieldStack.ed.cs.
Loading compiled script C:/Users/27427/Desktop/-Funcode-/工程代码/FunCode/tools/levelEditor/scripts/forms/quickEditClasses/quickEditFields/dropDownList.ed.cs.
Loading compiled script C:/Users/27427/Desktop/-Funcode-/工程代码/FunCode/tools/levelEditor/scripts/forms/quickEditClasses/quickEditFields/dropDownEditList.ed.cs.
Loading compiled script C:/Users/27427/Desktop/-Funcode-/工程代码/FunCode/tools/levelEditor/scripts/forms/quickEditClasses/quickEditFields/commandButton.ed.cs.
Loading compiled script C:/Users/27427/Desktop/-Funcode-/工程代码/FunCode/tools/levelEditor/scripts/forms/quickEditClasses/quickEditFields/colorPicker.ed.cs.
Loading compiled script C:/Users/27427/Desktop/-Funcode-/工程代码/FunCode/tools/levelEditor/scripts/forms/quickEditClasses/quickEditFields/checkBox.ed.cs.
Loading compiled script C:/Users/27427/Desktop/-Funcode-/工程代码/FunCode/tools/levelEditor/scripts/forms/quickEditClasses/particleFields/showGraphButton.ed.cs.
Loading compiled script C:/Users/27427/Desktop/-Funcode-/工程代码/FunCode/tools/levelEditor/scripts/forms/quickEditClasses/particleFields/particleGraphFieldList.ed.cs.
Loading compiled script C:/Users/27427/Desktop/-Funcode-/工程代码/FunCode/tools/levelEditor/scripts/forms/quickEditClasses/particleFields/particleEmitterStack.ed.cs.
Loading compiled script C:/Users/27427/Desktop/-Funcode-/工程代码/FunCode/tools/levelEditor/scripts/forms/quickEditClasses/particleFields/particleEmitterGraph.ed.cs.
Loading compiled script C:/Users/27427/Desktop/-Funcode-/工程代码/FunCode/tools/levelEditor/scripts/forms/quickEditClasses/particleFields/particleEffectGraph.ed.cs.
Loading compiled script C:/Users/27427/Desktop/-Funcode-/工程代码/FunCode/tools/levelEditor/scripts/forms/quickEditClasses/otherFields/align.ed.cs.
Loading compiled script C:/Users/27427/Desktop/-Funcode-/工程代码/FunCode/tools/levelEditor/scripts/forms/objectLibrary/tileMaps.ed.cs.
Loading compiled script C:/Users/27427/Desktop/-Funcode-/工程代码/FunCode/tools/levelEditor/scripts/forms/objectLibrary/ThreeDShapes.ed.cs.
Loading compiled script C:/Users/27427/Desktop/-Funcode-/工程代码/FunCode/tools/levelEditor/scripts/forms/objectLibrary/staticSprites.ed.cs.
Loading compiled script C:/Users/27427/Desktop/-Funcode-/工程代码/FunCode/tools/levelEditor/scripts/forms/objectLibrary/scrollers.ed.cs.
Loading compiled script C:/Users/27427/Desktop/-Funcode-/工程代码/FunCode/tools/levelEditor/scripts/forms/objectLibrary/particleEffects.ed.cs.
Loading compiled script C:/Users/27427/Desktop/-Funcode-/工程代码/FunCode/tools/levelEditor/scripts/forms/objectLibrary/otherObjects.ed.cs.
Loading compiled script C:/Users/27427/Desktop/-Funcode-/工程代码/FunCode/tools/levelEditor/scripts/forms/objectLibrary/objectLibraryBaseType.ed.cs.
Loading compiled script C:/Users/27427/Desktop/-Funcode-/工程代码/FunCode/tools/levelEditor/scripts/forms/objectLibrary/AnimatedSprites.ed.cs.
Loading compiled script C:/Users/27427/Desktop/-Funcode-/工程代码/FunCode/tools/levelEditor/scripts/fileDialogs.ed.cs.
Loading compiled script C:/Users/27427/Desktop/-Funcode-/工程代码/FunCode/tools/levelEditor/scripts/edit.ed.cs.
Loading compiled script C:/Users/27427/Desktop/-Funcode-/工程代码/FunCode/tools/levelEditor/scripts/datablocks.ed.cs.
Loading compiled script C:/Users/27427/Desktop/-Funcode-/工程代码/FunCode/tools/levelEditor/scripts/forms/sideBar/gui/projectManPanel.ed.gui.
Loading compiled script C:/Users/27427/Desktop/-Funcode-/工程代码/FunCode/tools/leveleditor/gui/LevelBuilderBase.ed.gui.
Loading compiled script C:/Users/27427/Desktop/-Funcode-/工程代码/FunCode/tools/leveleditor/gui/options.ed.gui.
Loading compiled script C:/Users/27427/Desktop/-Funcode-/工程代码/FunCode/tools/leveleditor/gui/TGBInsider.ed.gui.
GuiTabBookCtrl::onChildAdded - attempting to add NON GuiTabPageCtrl as child page
Loading compiled script C:/Users/27427/Desktop/-Funcode-/工程代码/FunCode/tools/leveleditor/gui/TGBInsider.ed.cs.
Loading compiled script C:/Users/27427/Desktop/-Funcode-/工程代码/FunCode/tools/leveleditor/gui/SetStartVCGUI.ed.gui.
Loading compiled script C:/Users/27427/Desktop/-Funcode-/工程代码/FunCode/tools/leveleditor/gui/CreateProjectGUI.ed.gui.
Loading compiled script C:/Users/27427/Desktop/-Funcode-/工程代码/FunCode/tools/leveleditor/gui/SelectProjectCreateGui.ed.gui.
Loading compiled script C:/Users/27427/Desktop/-Funcode-/工程代码/FunCode/tools/leveleditor/gui/CreateOtherProjectGUI.ed.gui.
Loading compiled script C:/Users/27427/Desktop/-Funcode-/工程代码/FunCode/tools/leveleditor/gui/SelectUserTemplateGUI.ed.gui.
Loading compiled script C:/Users/27427/Desktop/-Funcode-/工程代码/FunCode/tools/leveleditor/gui/SaveUserTemplateGUI.ed.gui.
Loading compiled script C:/Users/27427/Desktop/-Funcode-/工程代码/FunCode/tools/leveleditor/gui/SetEclipsePathGUI.ed.gui.
Loading compiled script C:/Users/27427/Desktop/-Funcode-/工程代码/FunCode/tools/leveleditor/gui/SetServerIP.ed.gui.
tools/levelEditor/scripts/options.ed.cs (118): Unable to find object: 'T2DFullContainToggle' attempting to call function 'setValue'
Loading compiled script C:/Users/27427/Desktop/-Funcode-/工程代码/FunCode/tools/levelEditor/scripts/forms/sideBar/gui/projectManPanel.ed.gui.
Loading compiled script C:/Users/27427/Desktop/-Funcode-/工程代码/FunCode/tools/tileLayerEditor/main.cs.
 % - Initializing TileMap Builder
Loading compiled script C:/Users/27427/Desktop/-Funcode-/工程代码/FunCode/tools/tileLayerEditor/fileDialogs.ed.cs.
Loading compiled script C:/Users/27427/Desktop/-Funcode-/工程代码/FunCode/tools/projectWizard/main.cs.
Loading compiled script C:/Users/27427/Desktop/-Funcode-/工程代码/FunCode/tools/projectWizard/gui/newProjectDlg.ed.gui.
Loading compiled script C:/Users/27427/Desktop/-Funcode-/工程代码/FunCode/tools/projectWizard/gui/newProjectDlg.ed.cs.
Loading compiled script C:/Users/27427/Desktop/-Funcode-/工程代码/FunCode/tools/projectWizard/gui/openProjectDlg.ed.gui.
Loading compiled script C:/Users/27427/Desktop/-Funcode-/工程代码/FunCode/tools/projectWizard/gui/projectOptionsDlg.ed.gui.
Loading compiled script C:/Users/27427/Desktop/-Funcode-/工程代码/FunCode/tools/projectWizard/gui/projectOptionsDlg.ed.cs.
Loading compiled script C:/Users/27427/Desktop/-Funcode-/工程代码/FunCode/tools/projectWizard/gui/superTooltipDlg.ed.cs.
Loading compiled script C:/Users/27427/Desktop/-Funcode-/工程代码/FunCode/tools/projectWizard/gui/superTooltipDlg.ed.gui.
Loading compiled script C:/Users/27427/Desktop/-Funcode-/工程代码/FunCode/tools/animationEditor/main.cs.
Loading compiled script C:/Users/27427/Desktop/-Funcode-/工程代码/FunCode/tools/animationEditor/utility/main.ed.cs.
Loading compiled script C:/Users/27427/Desktop/-Funcode-/工程代码/FunCode/tools/animationEditor/utility/utility.ed.cs.
Loading compiled script C:/Users/27427/Desktop/-Funcode-/工程代码/FunCode/tools/animationEditor/utility/storyboardWindow.ed.cs.
Loading compiled script C:/Users/27427/Desktop/-Funcode-/工程代码/FunCode/tools/animationEditor/utility/imageMapPreviewWindow.ed.cs.
Loading compiled script C:/Users/27427/Desktop/-Funcode-/工程代码/FunCode/tools/animationEditor/utility/animationPreviewWindow.ed.cs.
Loading compiled script C:/Users/27427/Desktop/-Funcode-/工程代码/FunCode/tools/animationEditor/utility/objectReference.ed.cs.
Loading compiled script C:/Users/27427/Desktop/-Funcode-/工程代码/FunCode/tools/animationEditor/utility/imageMapSelect.ed.gui.
Loading compiled script C:/Users/27427/Desktop/-Funcode-/工程代码/FunCode/tools/animationEditor/utility/FunCodeAnimation.ed.cs.
Loading compiled script C:/Users/27427/Desktop/-Funcode-/工程代码/FunCode/tools/animationEditor/ABImageMapPreviewWindow.ed.cs.
Loading compiled script C:/Users/27427/Desktop/-Funcode-/工程代码/FunCode/tools/animationEditor/gui/AnimationBuilder.ed.gui.
Loading compiled script C:/Users/27427/Desktop/-Funcode-/工程代码/FunCode/tools/animationEditor/gui/FunCodeAnimation.ed.gui.
Loading compiled script C:/Users/27427/Desktop/-Funcode-/工程代码/FunCode/tools/animationEditor/gui.ed.cs.
Loading compiled script C:/Users/27427/Desktop/-Funcode-/工程代码/FunCode/tools/imageEditor/main.cs.
 % - Initializing ImageMap Builder
Missing file: C:/Users/27427/AppData/Roaming/FunCode/FunCode/imageEditorPrefs.cs!
Loading compiled script C:/Users/27427/Desktop/-Funcode-/工程代码/FunCode/tools/imageEditor/data/content/datablocks.ed.cs.
Loading compiled script C:/Users/27427/Desktop/-Funcode-/工程代码/FunCode/tools/imageEditor/scripts/editor.ed.cs.
Loading compiled script C:/Users/27427/Desktop/-Funcode-/工程代码/FunCode/tools/imageEditor/scripts/editorSettings.ed.cs.
Loading compiled script C:/Users/27427/Desktop/-Funcode-/工程代码/FunCode/tools/imageEditor/scripts/editorPreviewWindow.ed.cs.
Loading compiled script C:/Users/27427/Desktop/-Funcode-/工程代码/FunCode/tools/imageEditor/scripts/FunCodeImage.ed.cs.
Loading compiled script C:/Users/27427/Desktop/-Funcode-/工程代码/FunCode/tools/imageEditor/scripts/FunCodeMusic.ed.cs.
Loading compiled script C:/Users/27427/Desktop/-Funcode-/工程代码/FunCode/tools/imageEditor/gui/OpenFileDlgExwPreview.ed.gui.
Loading compiled script C:/Users/27427/Desktop/-Funcode-/工程代码/FunCode/tools/imageEditor/gui/ImageBuilderGui.ed.gui.
Loading compiled script C:/Users/27427/Desktop/-Funcode-/工程代码/FunCode/tools/imageEditor/gui/FunCodeImage.ed.gui.
Loading compiled script C:/Users/27427/Desktop/-Funcode-/工程代码/FunCode/tools/imageEditor/gui/FunCodeMusic.ed.gui.
Loading compiled script C:/Users/27427/Desktop/-Funcode-/工程代码/FunCode/tools/behaviorEditor/main.cs.
 % - Initializing T2D Behavior Editor
Loading compiled script C:/Users/27427/Desktop/-Funcode-/工程代码/FunCode/tools/behaviorEditor/scripts/behaviorEditor.ed.cs.
Loading compiled script C:/Users/27427/Desktop/-Funcode-/工程代码/FunCode/tools/behaviorEditor/scripts/behaviorList.ed.cs.
Loading compiled script C:/Users/27427/Desktop/-Funcode-/工程代码/FunCode/tools/behaviorEditor/scripts/behaviorStack.ed.cs.
Loading compiled script C:/Users/27427/Desktop/-Funcode-/工程代码/FunCode/tools/behaviorEditor/scripts/undo.ed.cs.
Loading compiled script C:/Users/27427/Desktop/-Funcode-/工程代码/FunCode/tools/behaviorEditor/scripts/fieldTypes.ed.cs.
Loading compiled script C:/Users/27427/Desktop/-Funcode-/工程代码/FunCode/tools/localPointEditor/main.cs.
Loading compiled script C:/Users/27427/Desktop/-Funcode-/工程代码/FunCode/tools/localPointEditor/localPointPrefs.cs.
Loading compiled script C:/Users/27427/Desktop/-Funcode-/工程代码/FunCode/tools/localPointEditor/gui/LocalPointEditor.ed.gui.
Loading compiled script C:/Users/27427/Desktop/-Funcode-/工程代码/FunCode/tools/localPointEditor/localPointEditor.ed.cs.
Loading compiled script C:/Users/27427/Desktop/-Funcode-/工程代码/FunCode/tools/localPointEditor/localPointMouse.ed.cs.
Loading compiled script C:/Users/27427/Desktop/-Funcode-/工程代码/FunCode/tools/localPointEditor/localPointDragAndDrop.ed.cs.
Loading compiled script C:/Users/27427/Desktop/-Funcode-/工程代码/FunCode/tools/localPointEditor/linkpointEditor.ed.cs.
Loading compiled script C:/Users/27427/Desktop/-Funcode-/工程代码/FunCode/tools/localPointEditor/collisionPolyEditor.ed.cs.
Loading compiled script C:/Users/27427/Desktop/-Funcode-/工程代码/FunCode/tools/localPointEditor/shapeVectorEditor.ed.cs.
Loading compiled script C:/Users/27427/Desktop/-Funcode-/工程代码/FunCode/tools/localPointEditor/behaviorPolyEditor.ed.cs.
Loading compiled script C:/Users/27427/Desktop/-Funcode-/工程代码/FunCode/tools/localPointEditor/behaviorLocalPointListEditor.ed.cs.
Loading compiled script C:/Users/27427/Desktop/-Funcode-/工程代码/FunCode/tools/gui/guiDialogs.ed.cs.
Loading compiled script C:/Users/27427/Desktop/-Funcode-/工程代码/FunCode/tools/gui/fileDialogBase.ed.cs.
Loading compiled script C:/Users/27427/Desktop/-Funcode-/工程代码/FunCode/tools/gui/openFileDialog.ed.cs.
Loading compiled script C:/Users/27427/Desktop/-Funcode-/工程代码/FunCode/tools/gui/saveFileDialog.ed.cs.
Loading compiled script C:/Users/27427/Desktop/-Funcode-/工程代码/FunCode/tools/gui/openFileDlg.ed.gui.
Loading compiled script C:/Users/27427/Desktop/-Funcode-/工程代码/FunCode/tools/gui/saveFileDlg.ed.gui.
Loading compiled script C:/Users/27427/Desktop/-Funcode-/工程代码/FunCode/tools/gui/saveChangesMBDlg.ed.gui.
Loading compiled script C:/Users/27427/Desktop/-Funcode-/工程代码/FunCode/tools/gui/simViewDlg.ed.gui.
Loading compiled script C:/Users/27427/Desktop/-Funcode-/工程代码/FunCode/tools/gui/colorPicker.ed.gui.
Loading compiled script C:/Users/27427/Desktop/-Funcode-/工程代码/FunCode/tools/gui/messageBoxes/messageBox.ed.cs.
Loading compiled script C:/Users/27427/Desktop/-Funcode-/工程代码/FunCode/tools/gui/messageBoxes/messageBoxOk.ed.gui.
Loading compiled script C:/Users/27427/Desktop/-Funcode-/工程代码/FunCode/tools/gui/messageBoxes/messageBoxYesNo.ed.gui.
Loading compiled script C:/Users/27427/Desktop/-Funcode-/工程代码/FunCode/tools/gui/messageBoxes/messageBoxYesNoCancel.ed.gui.
Loading compiled script C:/Users/27427/Desktop/-Funcode-/工程代码/FunCode/tools/gui/messageBoxes/messageBoxOKCancel.ed.gui.
Loading compiled script C:/Users/27427/Desktop/-Funcode-/工程代码/FunCode/tools/gui/messageBoxes/messageBoxOKCancelDetailsDlg.ed.gui.
Loading compiled script C:/Users/27427/Desktop/-Funcode-/工程代码/FunCode/tools/gui/messageBoxes/messagePopup.ed.gui.
Loading compiled script C:/Users/27427/Desktop/-Funcode-/工程代码/FunCode/tools/gui/AccountInputBox.ed.cs.
Loading compiled script C:/Users/27427/Desktop/-Funcode-/工程代码/FunCode/tools/gui/AccountInputBox.ed.gui.
Missing file: C:/Users/27427/Desktop/-Funcode-/工程代码/FunCode/tools/gui/ConnectWait_NoDB.ed.gui!
Loading compiled script C:/Users/27427/Desktop/-Funcode-/工程代码/FunCode/tools/gui/IPInputBox.ed.cs.
Loading compiled script C:/Users/27427/Desktop/-Funcode-/工程代码/FunCode/tools/gui/IPInputBox.ed.gui.

FunCode (v1.7.5) initialized...
% Opening Project C:/Users/27427/Desktop/-Funcode-/工程代码/Games/ShadowWorld/project.funProj ...
Executing C:/Users/27427/Desktop/-Funcode-/工程代码/Games/ShadowWorld/Bin/game/managed/datablocks.cs.
Executing C:/Users/27427/Desktop/-Funcode-/工程代码/Games/ShadowWorld/Bin/game/managed/persistent.cs.
Executing C:/Users/27427/Desktop/-Funcode-/工程代码/Games/ShadowWorld/Bin/game/managed/brushes.cs.
tools/levelEditor/scripts/options.ed.cs (118): Unable to find object: 'T2DFullContainToggle' attempting to call function 'setValue'
Executing C:/Users/27427/Desktop/-Funcode-/工程代码/Games/ShadowWorld/Bin/game/data/levels/level.t2d.
pushDialog(): Invalid control: ConnectWait_NoDB
Connect success, C = 0, CPP = 0, JAVA = 0
popDialog(): Invalid control: ConnectWait_NoDB
tools/levelEditor/scripts/levelManagement.ed.cs (342): Unable to find object: '' attempting to call function 'setActive'
Set::getObject index out of range.
Set::getObject index out of range.
Exporting Particle Editor preferences.
Exporting Scene Editor preferences.
Exporting Image Editor preferences.
Exporting Gui preferences.
Exporting TGB preferences.
Shutting down the OpenGL display device...
Making the GL rendering context not current...
Deleting the GL rendering context...
Releasing the device context...
